TN:
SF:createthesun\src\gameLogic\numberLogic.py
DA:1,1,AZAg2VAaj2iEJrXbvAqrkQ
DA:2,1,1MmYO+8w+mVvJvxDSkT2QQ
DA:3,1,Njb0QmNFn4kiSO0Prl6W/w
DA:7,1,+3YH/U/Evo3+b6l33uxz+A
DA:47,1,ZDqRbfeSIxGcXqh5fRZW3A
DA:82,1,w2h7S8WQoaoAvfVpA7vqoQ
DA:88,1,uGzoZT1f+ZmXXDbY4qhxJw
DA:96,1,0wvSN9ctI0EiXTmdvhnuBA
DA:114,1,za4osrvuEwX6TO/BzlPe7A
DA:18,0,ZOXD5Rmqzeq/Cu5vNpPvOA
DA:19,0,Bu/ObrPSYhvwFbyzEYA1rg
DA:22,0,5fVePSka7su2EqhDn0qLuw
DA:23,0,oFE9veLU+THddclbbVAVdA
DA:26,0,WxoPWRTjbWOuqoH68E+PKQ
DA:27,0,oFE9veLU+THddclbbVAVdA
DA:30,0,C0bUC+AIYvt2WmuxdHJhRA
DA:32,0,/jaN97rqGTFbp6NOF/URAg
DA:33,0,dUfpo32wc+DJUvoAKCSH8w
DA:35,0,XLcjQqr4VdRvCMyQHE5MHA
DA:36,0,gDQvKhWVfmqSaQ7ATaAN/w
DA:37,0,GqGd7uhxI/3ajOtjF7rehw
DA:39,0,f+r1JXs6wkqb4/Iy8HQX1g
DA:40,0,iIK5oYphRlfTk2xmMQfBXA
DA:41,0,/jD2AkjkmtqGySZL+OBckQ
DA:42,0,9DXDgmT9PSGJo/3zRG1+ZQ
DA:43,0,pfD2fUxzp+8d0lt3XJiasQ
DA:44,0,BJBlZsSWstphiTlZImt1kA
DA:58,0,IEAgEOXH/tfi6aoQogRfgQ
DA:59,0,hP599QIPmIep1o8klg4V7A
DA:60,0,x0lId3dvBopFoIrGa0e+4g
DA:61,0,S69Ofhg70jHPqCxfk2mTXg
DA:62,0,i5h1gLbdA0Hs6oxL1D9oNw
DA:63,0,yPv3QxAFBeac2uuo5Z6WJw
DA:64,0,0TSoiI5OxXROCZwmksqzoQ
DA:65,0,XNzB3tG9nMtvxcjLljqdqQ
DA:66,0,QjS6CvBQaAnGS9t4iWT68Q
DA:67,0,AlV1xfyOk/PA+WF/qQzCVw
DA:68,0,yYTt1FuoX4wDk/PNuFvUQA
DA:70,0,uuolqcFOiaGyXm7gOb/s3Q
DA:71,0,HiSd38pxlmHMV+rNgn/Syw
DA:72,0,8xCzl3B85LK8nO0pU2nSKw
DA:73,0,Zd+iEwoRD2IKRdYyirdsmg
DA:74,0,gFok6XheNs+4DudII0dPhg
DA:83,0,6AV6d517pU3FTWMrinaXLg
DA:84,0,6rgBhtkd42TFIDwa61jENA
DA:86,0,uerliyqh7bLcnG7orcLPig
DA:89,0,6AV6d517pU3FTWMrinaXLg
DA:90,0,6rgBhtkd42TFIDwa61jENA
DA:92,0,SzkHjoknJimQmIcDiPKWXA
DA:93,0,0FQ+d3v7o+eDAWTh0qw20g
DA:94,0,jdrqC2rit9ODw/fAx1UWyw
DA:97,0,6AV6d517pU3FTWMrinaXLg
DA:98,0,AchaON7aOh8LI74PGScThA
DA:99,0,jEi5d1MPCA2lO2naPd2AEA
DA:100,0,c5PGtIrIx1McfAW4lD5h3g
DA:101,0,hiITYib7LGz5AY1ymu6gcQ
DA:103,0,bwU97DcJ4ht7HdsdceJF2w
DA:104,0,m03uS9+EKhl/MtdSN6RKIg
DA:106,0,rQDZLEydAWSDGte1u02NUQ
DA:107,0,xUSoVMOp3Ms4z7UlHfIYkg
DA:108,0,p6EtspdVroOlK9nnyz7hCA
DA:109,0,D04FWikjHT0TY+ffbyB5bw
DA:111,0,jD54Ymnc5dzqKLzGFP0n7Q
LF:63
LH:9
end_of_record
TN:
SF:createthesun\src\gamedefine.py
DA:1,1,4KXOIu0EzlFAqlH6QJ+whA
DA:2,1,EIMjmRYGioTWACahCqxNZA
DA:3,1,wLXIs/WFlkY9gt8u9uUSxA
DA:4,1,50k0FpQFtVUqNFoMXZz8cA
DA:5,1,OaTlemF3bXMi5MP7Db8vkQ
DA:6,1,HIialtJzq1ZDm6nUWYyCIA
DA:7,1,MQBC13nKz7pQNb8mKjwQaQ
DA:8,1,Pez0t/Inmzm1WLskuTMTSg
DA:9,1,kP5XDlos121mF2+qHMDcoA
DA:10,0,GZbeCJfElpwv6eIDPELItg
DA:11,0,iENYgCSNrwj/mIGBKJMQRg
DA:13,0,d6B1LKOjqwXTqNzlEUTL9Q
DA:15,0,LJ6YinwV6uu91zP59Fzvfw
DA:848,0,CT9XrugR0VmgtyLiirko8A
DA:849,0,x1c2JyZz3PSs1cYjOP37wA
DA:851,0,YIPCLFUGpRypod/l4NPgDA
DA:853,0,EobW4mYIIICI82kcFrjxuQ
DA:855,0,uiQ87lD1Oxi8xzxH/SCQOQ
DA:858,0,Art+hGD1qo89auNvvTPbJw
DA:860,0,6I3htaoArHIKtUuQUbS7Mw
DA:861,0,qTtw8Ly7e26hEWq0sKI1cA
DA:863,0,LVps5p8PBY1sQxEOPIUtZw
DA:865,0,ezoqq6Bnrb6/r78rWLkQ2Q
DA:867,0,Ej+gbYslTXhHX1uwl9ZZMg
DA:870,0,Fzjkj2kmWsk2Zv/hY9L0Vw
DA:872,0,QP14SWsxcbJmz7Y1Snwn7w
DA:873,0,OX2zc8Ux7kshyQdnTUrQSA
DA:875,0,xYMHi6gQp/UiC183cFlPTQ
DA:877,0,tmWwM+WBi/ki0hyTfIflHg
DA:879,0,A+Quv8e4bXI96Yk8ZY9j5g
DA:882,0,1FIAbSmogsfbD44UF5Pv0Q
DA:884,0,og9vzltTcDjQfznUqW6wUA
DA:886,0,S7ttVV3sOdrOEGa9z2W4wQ
DA:888,0,TQj2RFFR1/ZPABBLp7B0gw
DA:890,0,Qf2r3hCqqjlkpEpCZ8dF8A
DA:892,0,ccrW6OaVthaQUhWI+NcHpw
DA:894,0,9HQXExQ20shzQx/5BNTotw
DA:896,0,YdPUK1PcpuAVaj8+WEYrHg
DA:898,0,OOitufunpzTQmfzt7hSCng
DA:901,0,K/68vzBnbmMabxNM7sPeDA
DA:902,0,SOeun/0GhrX8MggEKn3yzQ
DA:903,0,tb0ng6PO9OMRM8WDkqpAnQ
DA:908,0,wWxSyhefVNjO/MTaWyFoqQ
DA:910,0,2h6QqnFfZKmYUGtEJbRm0A
DA:911,0,qMf3E8fMDqZOq6z5Z2Q8VQ
DA:913,0,2wJZFctP2OxIZLVoEV94jg
DA:915,0,7kzKyGzH06kEkwiyfUS+0w
DA:917,0,gjQYPRKAoBU+zrLM8hyr4g
DA:918,0,0HlbhSkm9ONtABN3WpGdNw
DA:920,0,yIrF1xRFuyjxVh5O05UhIA
DA:922,0,xjcDBnSwra0OiNOAYAwoHA
DA:923,0,Y2Kl4RmIZO5kFPi6GWKEEA
DA:924,0,eDv4sdo0P607swGYhjlu+g
DA:934,0,o6GXjQKCQTOljctORxoqow
DA:937,0,xujgkOmWIyYsNn0+T833fw
DA:943,0,rijNbD9GTdwbAvm1ANssbQ
DA:944,0,S2QpVnIMiU6icZWuBZDQRg
DA:945,0,8PaJd5vTwEVHed8lIYf/xQ
DA:948,0,ATgnSssEdFHbqqY7accVAw
DA:949,0,oNKLLAtpeoLx1CiPynuXmw
DA:954,0,UxksCzUekmLC6/QVGzyW6Q
DA:955,0,2cgV4ceDAGqx4u456WnvhQ
DA:957,0,PUDre0lD6KgnZj8ENvPYyA
DA:958,0,GteCf8SsRkfydnTm2HH06w
DA:960,0,tkNIsvsHo8yApbE3sU795w
DA:961,0,rF/ANKVg1HTAYGxXNhdOGQ
DA:962,0,0J1ZdNeXzHkx0o3DCnPAeg
DA:964,0,/YkW/kwjKjiRkGL44jGyGQ
DA:966,0,KDpIF/czc6Zwfbw05E8xow
DA:968,0,HAAwdbQFcEPAavE16PsNPw
DA:969,0,k9nb8qetEYpxqF+xzjlVDA
DA:970,0,jrdW8n33cAwUNri3el/3oA
DA:971,0,9XySqhX7JlIuraOtstc6DA
DA:973,0,PKhfRswr4ws7KpDPVVKshw
DA:975,0,R/qCIivfzjNB5B3Rt6jjbw
DA:977,0,9Ufi929jnc+6mFPktiMQ6g
DA:983,0,gB+r++BgpZmJwgaCjCpR1g
DA:984,0,kk6EVga3c7E5m4KautPolA
DA:986,0,9uSq5TLJWsXbcq6uj5cGeA
DA:988,0,Yht8XUahmpORIk6McWDTPA
DA:989,0,C5GZuRkTYjSgXpyxve92Hg
DA:990,0,VikGXjjXbVYvyyoQywxhDA
DA:991,0,HPglR+FCl+fSkoQRUsQGsw
DA:994,0,Gm7EkHLSpKFQgc97NMMSQg
DA:997,0,q2Oa8CQVTmLagMWD+qEGRA
DA:998,0,gzfM5RTZkha9z4BfT/Rzzg
DA:999,0,HTCi0led5SakfpihdpMV3A
DA:1001,0,1Q2YP4LTzobnjDa5WOtmUA
DA:1002,0,x3QdOwlf7C5IXfZCe4mbIA
DA:1003,0,2Lx9+ucskWW2M5Z0zpYUZA
DA:1005,0,quGItYZkZ9KVgotjwc96VA
DA:1010,0,JF3LGB8r53LLLLfIx51tew
DA:1012,0,GT/S5Fi4X/EnQpsAanwziQ
DA:1014,0,jXaB+BWDQ4O478G2xFPKfQ
DA:1015,0,xenjGpXiX004fKN40LW8ng
DA:1017,0,DYEPzLeW5hUfJvr0k8n8tQ
DA:1018,0,eqpYQqMkSMmEEBYunMuGmQ
DA:1020,0,cQzcBux+sSNrNkjZYvoWBQ
DA:1023,0,bvcq07Ij0uc5w3oPY5gaEA
DA:1024,0,++dDo9a8d7kKkVGI/n9SgQ
DA:1025,0,9zlkG/oaTrg2PGBO3oBDGQ
DA:1029,0,foZ8eCLywVZMvP+CbEg8UA
DA:1031,0,oGCBKM+VC3vnEp/ZoXeVIg
DA:1034,0,8wsUr8jhRxDzQy/ktn6Jtw
DA:1035,0,jM1v476wirsIkA0mk2SC1A
DA:1036,0,Bl5pwHCG3OAFQYHHigjTJw
DA:1037,0,dMXTtL91Xpn2UmifHGsL0Q
DA:1038,0,Wai64iShvhzNqA27GyqWeQ
DA:1039,0,S/RXKjHcSV3HZAb7qdw9+g
DA:1040,0,7XnbXnbMfmv2HLw8IkBW0w
DA:1041,0,HAyIalbw1hFVCHYWnZwXGw
DA:1042,0,S/RXKjHcSV3HZAb7qdw9+g
DA:1043,0,H/qpUWDzITJ1U2ifiy/lPQ
DA:1044,0,rgdJZw+tXjNTtzIa73eGYg
DA:1045,0,iYitFjN3vnFbN0bMlErwkA
DA:1046,0,HQG3acl+1/4nbrIvnKb/RA
DA:1047,0,i4ZdKYCFBeh6GpRSAOjNdw
DA:1049,0,XN7MBr2vCjbgb6IhFWgzOA
DA:1050,0,Zv2WGKMBuMfGwh/hwz1m5w
DA:1051,0,25O++LJnmB3yesDMnrSpHw
DA:1052,0,G6Ilpuva3oVRi6MLUhYurQ
DA:1053,0,BtQJq3yOIXkWqTM/qr22xw
DA:1054,0,R1XJ39kqexE6+sAHS2dqiw
DA:1055,0,4wthjzod+gaGKhXdZN1ooQ
DA:1056,0,DyLU2ZEsn7dMN0WOoTDSGg
DA:1057,0,+q/Zx+Wq4TXA141BsqrdOg
DA:1058,0,4wthjzod+gaGKhXdZN1ooQ
DA:1059,0,v3z5coe5X99dwn5/AXc5XQ
DA:1060,0,J5nMI1tZRnhVIpZq236j/w
DA:1062,0,oVVhktfnXp02QZsXKBnOyw
DA:1063,0,HVFe/8UIJbbU+AjelLFISA
DA:1064,0,siUZAKg1yBwmrpSyf3qBIw
DA:1065,0,wi6K8VZg6mT2qdJAVtBrZg
DA:1067,0,frMKh3f6UzKvAg0QsO7iTA
DA:1068,0,7O6nH0X50gHYUuz27adNnw
DA:1069,0,Bl5pwHCG3OAFQYHHigjTJw
DA:1070,0,dMXTtL91Xpn2UmifHGsL0Q
DA:1071,0,Wai64iShvhzNqA27GyqWeQ
DA:1072,0,aIkygyJWQYAHxixxKjog9g
DA:1073,0,HAyIalbw1hFVCHYWnZwXGw
DA:1074,0,Kiu3ksQCAArMPbR+lh18vg
DA:1075,0,0D0vXA7uk7HDMVon1QSe5w
DA:1076,0,mLysNAdWjoh077p9/hKiMg
DA:1077,0,vujgHWNjBvukwoVCb9w54w
DA:1078,0,i4ZdKYCFBeh6GpRSAOjNdw
DA:1080,0,j23kaGiWg10F0dU5PifdDA
DA:1081,0,Zv2WGKMBuMfGwh/hwz1m5w
DA:1082,0,UWi/Vbs0IOV6AtArbm4QuQ
DA:1083,0,icRXM6/j0IhvlawdAIjUkw
DA:1084,0,UD20NRaWcYOFKlD9oi/UVg
DA:1085,0,R1XJ39kqexE6+sAHS2dqiw
DA:1086,0,+bjcttxp4lrV2Wr5cyUVDg
DA:1087,0,+q/Zx+Wq4TXA141BsqrdOg
DA:1088,0,Owr6G8E3ysIwRLNRP/g/HA
DA:1089,0,J5nMI1tZRnhVIpZq236j/w
DA:1091,0,oVVhktfnXp02QZsXKBnOyw
DA:1092,0,6GLy0R03qhi83rDTi2hDdw
DA:1094,0,siUZAKg1yBwmrpSyf3qBIw
DA:1095,0,tDJCNdE8md9VR2bBgj6DBQ
DA:1100,0,IlAgbgN8wTcT3/6vr9i4UQ
DA:1101,0,E0EQ85IdbUmpsbkXYynqng
DA:1102,0,cksQYdhWWyqbs4XajDZ8cQ
DA:1103,0,U3l4RJVhyCMBVSUCnAGUCw
LF:163
LH:9
end_of_record
TN:
SF:createthesun\src\main.py
DA:2,0,4KXOIu0EzlFAqlH6QJ+whA
DA:3,0,lk159C5+Vrf/29kBg7HJGA
DA:4,0,zyZgoM+E8Ui7MCtwqiF+Nw
DA:5,0,mUDsnWRiqW9R9nTILGKIZg
DA:6,0,7Z9Lj4ed27Wf2hBX6jooEA
DA:7,0,OaTlemF3bXMi5MP7Db8vkQ
DA:8,0,jkHhMsABSAn8fG2ZAQpm1g
DA:9,0,XRh5gz49gzin2tgbGaB31w
DA:10,0,W3F4XFDHDATEp2gx3mYg9w
DA:13,0,0NTMfVSe3jc8aESXIuSN7A
DA:14,0,7+SD+OcBpt/IFPTsH/UskA
DA:15,0,Nm/RomkjSrID7fXFN9ZLPA
DA:16,0,XeXphZizyAVx8EMKMT01/Q
DA:19,0,Nks9ouSGYRcsqU+wnfT4lw
DA:21,0,O6w8dbfllVhpnFchOrbEOg
DA:23,0,8yyX2UWvQFEjn8HOScTXbg
DA:24,0,MloFIRGPPTrG/2JVDNC2HQ
DA:25,0,91fUxsY8U4csizMS5d3SNA
DA:26,0,OG9Ye2qY6D99keg9DPIKFg
DA:27,0,W5NBKNlb/r0uQyJzwXNdgw
DA:30,0,50FtRnCGwaC53+ULvydJsg
DA:32,0,fO0V8aByY7vBMcU6da6v4g
DA:34,0,MDFXs0G2uQPLelnBLgAYgw
DA:35,0,99FUm5d/xWXn2N1K2iFKuw
DA:37,0,BuHxD6/bMJUPdtLI4MOjmg
DA:51,0,HkB5scefAPizqdrsIRXaGQ
DA:52,0,CKVn14qGukDU7QE24yrgYg
DA:54,0,ZNI2QvVXAsoe56Gxw5yKSg
DA:55,0,zkBIyRWHNpfQp+tQzAjhFA
DA:56,0,hIo+N8sAwBILIIJdGkHOzA
DA:58,0,9kumGmZsSqaTwE0GB9zjkA
DA:59,0,YbuKLXfOfK889Jve4fdLkQ
DA:63,0,3P3BHKLkp+AKkCbtBuxB1w
DA:66,0,uCUN6YhmsN5ywKT7vyi2zQ
DA:67,0,ECzOxQuEtKPriVXdXCNbxg
DA:68,0,bE1i5OnqLO7fjKHXwwQlcw
DA:69,0,+cD5LjjZpGdmfXBFlFrauw
DA:70,0,/O4sUaQc5bMjmIJmwgg/+A
DA:71,0,E54kLTe5p7oyXQIK4nIJ8w
DA:72,0,UkG0gzcedO+1I6mukaTXtA
DA:74,0,uGUl/8ln5/u2N7ovgzVIXQ
DA:75,0,SaFcz4qACCoQozO72Ok/Qg
DA:76,0,p2Oqd77J+T0deocJoPxEFA
DA:79,0,0en3loo8v71kDKgDEEKcgw
DA:80,0,8T3DkN0VOmTiEAB4VKlNqQ
DA:81,0,3RK1HanTCgw5LingpPTUfQ
DA:83,0,LnUa53KYK+T+MTg6wZRKSQ
DA:84,0,kB2vK0B7wuK80oY9We4BRg
DA:86,0,+Fi4cROgN09wCyHvyKasdw
DA:87,0,VDu8tIoMBR3XVjyCCuU5+w
DA:89,0,SoD/eCIWnoNQ99P80fO26A
DA:90,0,A7+aBVwZV4AyeLD0H0yA8Q
DA:92,0,lHOep6nhYa0NmDIqFySKCw
DA:94,0,XqWWaizrYsXgTeBzBq7/6w
DA:95,0,KKeFP6zkUo8RbQyOZbkD1Q
DA:97,0,1rL19YK5jtwKo4iZcRqHVQ
DA:98,0,bcH3ZR0ccN2VJTMvNYn1hA
DA:100,0,pIPry03Kg3fBjIStel5eYw
DA:101,0,mn/WSBG+RiIzQMCJIiyV5Q
DA:103,0,ZWr7FbbWbm3w/Eu/ZGcEuw
DA:104,0,WrXsxtHPCOtM5y2VFZXWLg
DA:105,0,JJ6X9GLJupXf2lqzaX1P0A
DA:106,0,Q1eN5c6JNO7nA6xAt4hHHQ
DA:107,0,WKN85FW4aaDYMykYOnScLQ
DA:108,0,lH2m4eh5trvp2fdwzmkSOQ
DA:109,0,DTdPxCiDJ1lFUwci7go2VA
DA:111,0,hZ25u3ZmkIBjmbCZs6lUHg
DA:112,0,fKZLLAxKxbMBA5zJa8xcOg
DA:113,0,BMhG8P/nvx6TR8jLhy2qVw
DA:115,0,7OgxVUFhmvBgcRAKSsSNFQ
DA:116,0,uP6senq58fkHWG+NsroLYg
DA:118,0,4n2qc9lb+oShYJdszbsasg
DA:119,0,UK/O4RRr3zJAGm0DIljr3w
DA:121,0,StXc2ruhyvsv32BEk+NLzQ
DA:122,0,TZB7tpC/IoF0QSOyl20MxA
DA:124,0,uPMqK43DG9enCoiNp6IMqA
DA:125,0,OsHCLGz7L0/nby5ZJ9nIyg
DA:127,0,btSS82rUz+qX85JlRDsDew
DA:130,0,Vr5M/wWLVjNTcyBe06ZeIw
DA:131,0,++2oOoOSvgGbOtKxJsD35A
DA:133,0,1YWlZEBVgHg/fyEYU2CosA
DA:135,0,K+TVd8v3u40dPlewgX5sXw
DA:137,0,Xg7lX1PCDsODQfepcZ92bg
DA:144,0,EqpId0Bl6PX2z2J64OUs6w
DA:145,0,FGJBD/jmva01qv2RZmq/iA
DA:146,0,lmR+9lqcuERy8Eap1em6sw
DA:147,0,SBzgBNvPFFDHpUNsu6wJqQ
DA:149,0,8LE8hU8VNGBvUm5puhLcSQ
DA:151,0,Z6aKqQj4G14R3uHWuZg3fA
DA:152,0,/D6aFVTsT1ccmTWefcXOmw
DA:153,0,Xh90WMf/llu4oBx4oLsekg
DA:154,0,poxmjcW23oz6pRe24OUZjQ
DA:158,0,nhCkqQF1mEwJ+ekfv0Bk1w
DA:162,0,itzNpuz16NcCn+AuGzVsmQ
DA:163,0,CwVy5DjbYKooruMSA/gWRQ
DA:164,0,wnTK69fUwcXInHldmd9AxA
DA:166,0,xm1PghWLgR2Hw4iaPCubWw
DA:167,0,l3nYDmlDQVtysMQ8DthZ/w
DA:168,0,S/5OvxRpzJoVEWAFj9Q1Ww
DA:169,0,zVuRupZyx+J20CQi3k8DoA
DA:172,0,/HxzwXMXbYxA/guA8Zrn1g
DA:173,0,LyRYBTs0Ub+zqAZx1q+cHA
DA:176,0,rIu/u/X8IbRsSErPeCtwsA
DA:177,0,xvWIcpcyNr0gyGcTkdMxXw
DA:178,0,4TJclzecOC+WWyhthuQ94g
DA:179,0,NrDAqEqcJtvmQgQDEuBvhQ
DA:180,0,o42v4/84vf2owcmotAJZOQ
DA:181,0,Yb8F5Ig+e4Hx4do6tkJM5g
DA:182,0,5WL0OwFOFgackSenzbhpog
DA:183,0,eo4V31/LYVi09NHcF8zDEw
DA:185,0,bHR3hvxs0GoOz0Z7mKvcOg
DA:187,0,sVwjidBDbrY5q3nJLNNN8g
DA:189,0,6z8UN1ioL3rUzxh9bhHzeg
DA:190,0,2La2x/asCPP+hoqsyDbMAw
DA:191,0,1RKU61goJ11+tbocf49wjg
DA:192,0,EpHlQwHaKaJyl+E7ePQheg
DA:194,0,c/yL5voQcV3LLdYR2ARrZw
DA:198,0,shUos4bIYrjZ/d6Uz57mXQ
DA:199,0,a+aSpzTM7bwc+KqG72Ek5g
DA:201,0,SqE+UlXwHf/AWNP8CXvUaw
DA:202,0,C5ALOM8/NRz08p6s8KeANQ
DA:204,0,EPWdKRWuSJCEpwk51pSrWg
DA:205,0,pD87CPwEPj7nOi2YrMZylw
DA:206,0,cDXHoTsRCHHb19B/5eXiiQ
DA:207,0,2pE6nRH8HVhJn/7SJ5PkEQ
DA:208,0,KWqfWA0pYjSMWTrYWaYmZA
DA:210,0,CwVy5DjbYKooruMSA/gWRQ
DA:212,0,xvBcqJG8IC2EUy5GyG4B0Q
DA:214,0,etH3chY3t/sf/56lPvARgA
DA:215,0,CzhK6C+9TzXVnyB5O0C9IQ
DA:216,0,seI9qpUJIf77YJ+aixxCpg
DA:218,0,eTrSnVeaXKRBF6USMlS0Zg
DA:219,0,HDlGvTA13KOSKjKYLgyf1A
DA:220,0,KgpGnwTXq5sUQUKB0AG4Gg
DA:221,0,RhW0wLeKG4ngCTiJelhbAA
DA:222,0,qrW41CoC6x/ngdaFhM1LSg
DA:227,0,SQXerigqLeKXn91C7Y6qWw
DA:228,0,Dm2KUaP8gXyCcN+nT8FdcQ
DA:229,0,LMAsc15zJa8A8srz05x1mQ
DA:231,0,Wuh4GrwP2R6En4zEHXE3HA
DA:232,0,1gggzUCQpSUYhUOI4WwO1A
DA:233,0,4TJclzecOC+WWyhthuQ94g
DA:236,0,1gggzUCQpSUYhUOI4WwO1A
DA:237,0,Uk1iEqLYWHwxE4nbWtF0CQ
DA:239,0,J3fHkwHqHfilnACwqjVKEA
DA:241,0,rG7tOMO/Ml8AH8KhdE4nHQ
DA:242,0,3fodz1ymDckSHbnhCFAa2Q
DA:243,0,F0ya5wsRO+7OyCKDKu4jvA
DA:244,0,poxmjcW23oz6pRe24OUZjQ
DA:246,0,sIZIj//u2pa1Z0sSDU7Wjw
DA:251,0,6nfiRA3v87r0MXQwdE4sng
DA:253,0,vgxScjXYk2JX4lzsva4Phw
DA:255,0,rwE83EPyv9OROVsG2crJEg
DA:256,0,UEyBfjvJSGS0AcAB9nZc3A
DA:257,0,FqMJWMD86UDaA4IX+jQdOg
DA:258,0,mIakkrT8q4NkjxtMoMCxaA
DA:260,0,ExkupcO9kwpyZ4ylG5DB6Q
DA:262,0,qUyXGZ9yWHiSuHq6dTZ6RQ
DA:263,0,vKUd4YdG4WwuVhSYDGwKxQ
DA:264,0,Vgc044BMRbSMdF7HiHxyLA
DA:266,0,tH8XPnhhbxvsTaVunl/H9A
DA:267,0,dFVV3toCP6uqn8SifWQ+hg
DA:270,0,8w8SDnBFH7hG7iqxJVVilQ
DA:271,0,OBt3Fap55Ry3CquHJiqP5w
DA:272,0,8KyAZZSdk695lJZZ+38JqQ
DA:273,0,YopZs1UqTgAa/5FAh/sOUg
DA:274,0,LYPGfmijBOxKxhl/82rhKA
DA:275,0,bYLy1bCwI41xOHQO96t8tA
DA:277,0,0h189BV0ddePnSYliMQUEA
DA:278,0,80DAPDG1EBw6Qv469AI1qA
DA:290,0,pn7Gs/2xx3YNEQqIHSTIGA
DA:291,0,dul0M/IMYueaUjUUZUncxg
DA:292,0,xjcDBnSwra0OiNOAYAwoHA
DA:293,0,cLol4CGa/Ykbc7H6o02EGQ
DA:294,0,3YMCPDRRiTd7NrrdXZvSGQ
DA:295,0,z1FY6hyPBCbZwMZY9KnRLg
DA:297,0,eR/0TJg8eSGIKBqScbTZ1Q
DA:298,0,JTcQWERmsrrvIc5NuBpD2Q
DA:300,0,xjcDBnSwra0OiNOAYAwoHA
DA:301,0,3ja69uc+6v7ZRUX4HJPZcA
DA:302,0,YuVr4I/RmyymjhN4aZHE/w
DA:303,0,Bb1cndlDQOAsAVroQZ9fUg
DA:304,0,AJbPDlIcf3HapfaFDir3JA
DA:305,0,GTYRkW8Md3CmwaTnOkIKLg
DA:306,0,3ja69uc+6v7ZRUX4HJPZcA
DA:308,0,KdwbUoCIndDuJBfZfcdWAw
DA:309,0,n+ECZDbE/vALJmuMPxUbWg
DA:310,0,uZx7+ZNMOqJz6CKdy3RsTg
DA:311,0,lqwc6DphDTbo0FOUvIjbHA
DA:312,0,oBxsDuK3fepQmVugkm0pBw
DA:313,0,z1FY6hyPBCbZwMZY9KnRLg
DA:315,0,kycMaH6XbPuAfUpgfG1Lbg
DA:317,0,KFIVCMyBMg0y4+wpHdd+pA
DA:318,0,OnoyMVSvjxbncRt55s1p3g
DA:319,0,/4vuhq0h3WvqtmvtQbOD7w
DA:321,0,+SBNSU/yj8aKdV9rcqJMJw
DA:322,0,P3u/GP6dZylNiihI5/ZKnQ
DA:323,0,d+e2ONt6CiQcfIG3XnknhQ
DA:324,0,MnzpXe1veqpfA7nIMRo0OA
DA:326,0,OH80S1LvZrLMuvSfBz58/A
DA:327,0,olV8gdkWY7+ZHmD7QmAzOA
DA:328,0,ddnRIv5/1Fg1mJscfxdvjg
DA:330,0,xQVNdxAJxuGw1z9RcZmDQw
DA:332,0,XON28bT9ZWbCBJ0GINSftg
DA:335,0,Htb8wEfoHiJnGwY8mWDrjA
DA:336,0,if+i/crCSO/OpbTsszrZIw
DA:338,0,8NgON0J08JrzILwfJ+A3UQ
DA:339,0,PfHOPU6xbfbceJ5iUTJdMw
DA:340,0,3zN+ka59AQEpJP8/Ya22PQ
DA:341,0,4eZSakmiUZF3d1OpmO/15Q
DA:342,0,cqYHFj7toR2ZIBIQXAuodg
DA:345,0,05LKPobuGwUADqcBGmBhIA
DA:346,0,KM3v1+40ZEIPjpJqlpGgvg
DA:347,0,6ikW2jpOSqqjzetX5T8Odg
DA:348,0,qjVn9ct1yxhYyN8ULqQ6Hw
DA:354,0,0VeEcnwNF1UVhPhh9v1o9w
DA:356,0,U9EmZeLQL0FaokWlz4Pzgg
DA:357,0,QQkvpLOnawVS1qbFP0BVJw
DA:358,0,1e/J8VNvsd4/PEnZbDu6pA
DA:359,0,wooco3KJP50l305wCqzpgQ
DA:360,0,dIOaTJeifvJJ/LtrSBE+Qw
DA:361,0,FeiI5ZtHVMzc4fItsHV+uQ
DA:362,0,MxBzxTrB5ziQz6aF+YWzdQ
DA:363,0,1wZwYJU3qh33AnVqWBOVCQ
DA:365,0,cqYHFj7toR2ZIBIQXAuodg
DA:367,0,e2Ml5GtLzk6AOoN+0iVPIw
DA:369,0,x6JXn5R1ziHJ+MiSlNwFcA
DA:370,0,9+1/vML5pSfKjzOW+WsBfw
DA:371,0,a/rYfIOkP3UrU3y0lDy4jQ
DA:372,0,0yUkD6k83KzlfOjhvnTsEg
DA:374,0,ra+cqJL2PQk7V2dPerSNbg
DA:375,0,QaFPLrpQuGTj/pZRL3Z8Cw
DA:377,0,CYQp79DZvjW5kEAk5ddAKw
DA:378,0,Ky75QaBEVSWe04FWwxGxjA
DA:379,0,572ta+smLo9Pq0zpoUl4Tw
DA:380,0,kKL+DKzjLdSAm7HAF6ZHvg
DA:381,0,Vuvq65z/Y03lVeYAodobww
DA:382,0,ccRfca+/E7N8gX8dSlNNDA
DA:383,0,aprwRMEQ7QYN/BTBvww35Q
DA:385,0,dRD7veSSIJmXsieBeo5lKw
LF:240
LH:0
end_of_record
TN:
SF:createthesun\src\observerModel.py
DA:1,1,uqQzsyLE2snBclOsmsd0qA
DA:2,1,l3nhicvq6q+R3WkfKdsNMw
DA:3,1,ZWXAeCpNGI4Jz1xGC0Md4g
DA:4,1,AwpGUILSjGu34WAr6c5fRA
DA:5,1,ndAV327igAeTT6Zg7rn+qQ
DA:6,1,OaTlemF3bXMi5MP7Db8vkQ
DA:7,1,o7XN3CMj67n397EmDP0M3w
DA:10,1,A5RxbnR7Y2kQDjfH0LVQyA
DA:13,1,c1sC2UTfSSRVdJjsHHkL7g
DA:16,1,WshmgWmpb1L1SSFyRb2yig
DA:17,1,9aJzbD1/hOamZXjCxyeHGw
DA:23,1,UJKs4448dSEwUfWIBU2rOg
DA:24,1,zXXEvZ0fTfTXQ5AQ5y1lCg
DA:26,1,q40HdP/F2Sm5TldDuoRGUA
DA:28,1,WslkOhOvSn05spO3K6K6kg
DA:30,1,ZOGKd5zaO0zDU5CkQkUrfw
DA:32,1,FdI5JrnJC+AlxaYfuvPdQQ
DA:35,1,RA8AR7RNhqWh122HVs6Zxg
DA:37,1,cAY9UY8Gd/lq+Jpefnq4Rg
DA:40,1,pF+0J9KbDZO/GwCfjCxWMQ
DA:42,1,43YOtvtcOGhtkP3uyEYQ/A
DA:43,1,8hxXikDYR/zIyCDXlOduyA
DA:44,1,0Ed/5BwYEo9Q1trB/Ekthg
DA:45,1,+efP0BP94KP4B1h1U3MXsw
DA:47,1,e4XoZ82JjlfYBYWBsaWRFw
DA:49,1,WeVd7Cj0Uxs+njdBFoKpWA
DA:51,1,dXs/wPllUwxbqfZ9JetkqA
DA:58,1,B26yTZsfgNsBpJ35a3Psew
DA:59,1,s0u2wODf0bChXB+j/aFTOA
DA:60,1,d7dT8RCj+dJiBmwLyRohbQ
DA:63,1,xy1jUusSv1wcJ3Pn0lEupA
DA:64,1,vjODaEI5HQJgbe6B4B+fzw
DA:74,1,5yIBluFU70WmYWL8HV2uKQ
DA:90,1,/jjS2dalZv4srWtDZ9Y6lg
DA:116,1,F1fV4IgCkvq0prnxA6QT7w
DA:14,0,d0yPSIv00cw2veEeCExn2Q
DA:19,0,DpE9odzLMzVgXx5XHJ7Vrg
DA:65,0,qMZofn07chuzlNXBeO6TZA
DA:66,0,SORO7dLYjNCsBN4D1pR8Qg
DA:67,0,Lw026bH6qVk7JtRX1y1RQg
DA:68,0,7DtMfjUtrvjJPsyy7/3qKQ
DA:69,0,nI23c4I6F5SlpgZu1rgiKw
DA:70,0,BBWKzyg4VznVEmqiztjpmg
DA:72,0,dPhhFwtmdXylIw6yBbZOhA
DA:76,0,7VN5EGACKfFtN3KrBaHj9w
DA:78,0,uSDNgMVgTocMUchP5e8AUQ
DA:79,0,Zk31DBq/Nr4n7ATNCqddNg
DA:80,0,mVaL51rvEIVu34u3DNrFXQ
DA:82,0,z3QraMbTX2ABvGviW20Fgg
DA:83,0,mokFhASWDP3/ziu/TUHIMg
DA:85,0,LyRYBTs0Ub+zqAZx1q+cHA
DA:87,0,wAtb/EgW0Sygd9YfnXqrPQ
DA:91,0,o9N+TN2blAuw3mzG+gbXaQ
DA:93,0,kDFA8RfZGZb0IwvRY/kghA
DA:94,0,m0KfHUS4S2lkPWBcd6lXBQ
DA:95,0,Lbj6jGPf6rxNA0fUSJEu8A
DA:96,0,gxk1dy0k6sXHaR9Kv0/1pA
DA:97,0,hUwkuqLt0WYuL/cTkrgH+A
DA:98,0,UTYwuZahoO15yWoNAXNnrw
DA:99,0,hNzGfCBm70Gzn7bhwdL/7A
DA:100,0,zSyW2r9O5LXnT2FXMJHjbQ
DA:102,0,GHyaBQUtawVKPb6y9Og9Eg
DA:103,0,SolvJAF04Fxu5+JcBtKUaw
DA:104,0,pRPxh7BkUNyxmSHaBb3qaQ
DA:106,0,5aLAeM5/RbG7ZEXAuaDWPA
DA:107,0,zuE57t0RVWx33MzHlS/6dg
DA:109,0,ikl8bxzNGAKxsVvfhtMRTw
DA:111,0,NVw3itCgLExkpH4JM9hcUw
DA:113,0,dDyDNet+luGjpeog/Lw0qw
DA:120,0,rnQdlh+yL33KSHV47B6Ggg
DA:121,0,2olpTbP2Kxq0jyC3EavVBw
DA:126,0,Lbj6jGPf6rxNA0fUSJEu8A
DA:127,0,gxk1dy0k6sXHaR9Kv0/1pA
DA:128,0,kDFA8RfZGZb0IwvRY/kghA
DA:129,0,T5CHxEFhxJsVKeIrncgefA
DA:132,0,MOleG89sal9x2PeZXbL0RA
DA:134,0,abEdi8HR0VCpjm1ycZ474w
DA:135,0,/zOwfBn/qqYS2ZqKTNEtHw
DA:136,0,CYdvIGFNLIRVmUGFSckWXA
DA:137,0,T2MfIPRo2KuCKTfFIUT8ew
DA:138,0,I9vbSho1Nj/cCbNdiw+a/Q
DA:139,0,MdQNOeU9keDcBDWnbFL4lQ
DA:142,0,jUx3DXB0IuTn6N25KVLC4A
DA:143,0,GG/D8u5GycAGWWciwK6RuQ
DA:145,0,lQBPBHMnDUxGhiS+1SUTFQ
DA:146,0,/zOwfBn/qqYS2ZqKTNEtHw
DA:147,0,CYdvIGFNLIRVmUGFSckWXA
DA:148,0,T2MfIPRo2KuCKTfFIUT8ew
DA:149,0,I9vbSho1Nj/cCbNdiw+a/Q
DA:150,0,MdQNOeU9keDcBDWnbFL4lQ
DA:153,0,jUx3DXB0IuTn6N25KVLC4A
DA:154,0,M8AKUBVO7OgivBsQzId37Q
DA:155,0,4fYM32p2hfP6kCJG1wCY6A
DA:157,0,kHTq7lqNu8dX3lX419kh3A
DA:158,0,bRznIDRpXBFLF2//LDRUeg
DA:160,0,764B0mnvDTIdaPb70PhFnw
LF:96
LH:35
end_of_record
TN:
SF:createthesun\src\quickload.py
DA:1,0,vMrxkmi6BodukxNtyN/WnA
DA:2,0,7Z9Lj4ed27Wf2hBX6jooEA
DA:4,0,lDaqIT6qUXV/XvdEHXq98Q
DA:5,0,HpF38e8Aka0ULip5VVPswg
DA:6,0,ntbaRY/MQzuGR7WUy10GrQ
DA:8,0,DUjm2tGHAMbvpvfGO4OyNg
DA:9,0,+yA/h6kz0pe83LF04E/xwg
DA:10,0,3J9RdcFFAs9IDMcghJE7cg
DA:12,0,8nh5YCCdH9HVuo/95EdVbw
DA:24,0,uxbKxP5sAq+ky6rh0Y9Rjw
DA:25,0,LPE+fX5FWMEmqetYZne7uQ
DA:26,0,RFGmkTiTL9eLFzOHdN8x4w
DA:27,0,ffMswbE3zF1ACayCRYT7jA
DA:28,0,SfCnyh+9W274gSbSN2acxA
DA:30,0,M37abKp9+0YwaQt+wpOq4g
DA:31,0,XrwI00UgucGzdbvyYY9kYw
LF:16
LH:0
end_of_record
TN:
SF:createthesun\src\resourceGain.py
DA:1,0,O6w8dbfllVhpnFchOrbEOg
DA:2,0,50k0FpQFtVUqNFoMXZz8cA
DA:3,0,Nks9ouSGYRcsqU+wnfT4lw
DA:4,0,4KXOIu0EzlFAqlH6QJ+whA
DA:5,0,Sw6kgMhv7Tehp3mWh2kRCw
DA:7,0,ct1MjqG5yke/tc97NavGAw
DA:8,0,OalRNruuNVPo/uQgkO6dYg
DA:9,0,/Ni2mvzL1bAXHGk5vg2kAA
DA:10,0,RpJuly1c3Mviyk/9lQntFg
DA:11,0,uLQ9Kvrwk/wZhk74rj0BwA
DA:16,0,dTaqv/Z2wzdkAfPBGuX0oQ
DA:18,0,8c0RJsEbyTAUxgRvgIVEhQ
DA:20,0,1n3ngC9dedpfY3N+vy6Hig
DA:21,0,rKk4iRpw+DXcNH48BerjEQ
DA:22,0,HpymD22dex2eJJNijH1SjA
DA:24,0,mjeU+VIGfpzGLfdaKUvLSA
DA:25,0,FseNiakKjkSLdbiZS4aR2A
DA:26,0,Um+5PLJxxnlVDh/AZPXyvQ
DA:27,0,KCqj3+fVzXTwh5l3oXdIyw
DA:29,0,xvWIcpcyNr0gyGcTkdMxXw
DA:30,0,Svm7cNxSEm1pkApLvJh0FQ
DA:31,0,EJPZJIvlXk+bcwPh4VoPmQ
DA:32,0,DAYPSY5R72PMAzJEsoZ0ng
DA:33,0,X6lTLr6CKB0aemM0i3+T9g
DA:34,0,Um+5PLJxxnlVDh/AZPXyvQ
DA:37,0,I7JKOZYOXvf88n2Qf6pneg
DA:40,0,1/J1VlMfZQsQtHbVujvTrg
DA:41,0,0V1rsSlD+9+xgYNtmuR8xQ
LF:28
LH:0
end_of_record
TN:
SF:createthesun\src\save.py
DA:1,0,Nks9ouSGYRcsqU+wnfT4lw
DA:2,0,2/+ysJB2BBzVWbseKUaEjQ
DA:3,0,7Z9Lj4ed27Wf2hBX6jooEA
DA:4,0,9ib9jXLYq8Jpa8IR4GQL4A
DA:5,0,OaTlemF3bXMi5MP7Db8vkQ
DA:6,0,ndAV327igAeTT6Zg7rn+qQ
DA:7,0,v55sQ17Crvzw3XlNBpSfbA
DA:8,0,4KXOIu0EzlFAqlH6QJ+whA
DA:9,0,wLXIs/WFlkY9gt8u9uUSxA
DA:11,0,skla/GA8ZLk1IZYl/BLxHw
DA:14,0,OG9Ye2qY6D99keg9DPIKFg
DA:17,0,QKsJFzPKrxPLyp+BsIykyg
DA:18,0,DwLy2PMQMDskZ/bQTFH9Xg
DA:19,0,MoRqDZUuiyEq1I4VpEN2wA
DA:22,0,49dMK2jYFFOWW0B4RikA2g
DA:23,0,fsaSi2x1zGhOylKE3Bwm7w
DA:24,0,AHTbDXhd367M6tHCy+NrGw
DA:26,0,pR/Bi3EyH7ljPbDPqxXKzw
DA:27,0,AHTbDXhd367M6tHCy+NrGw
DA:28,0,IntdF9sMAsLNf7CyUqChIQ
DA:29,0,vN3iFkAXXRDRiGW3VlzgCQ
DA:31,0,c1sC2UTfSSRVdJjsHHkL7g
DA:32,0,d0yPSIv00cw2veEeCExn2Q
DA:34,0,3i/ubNECmXhhDIfIphWLng
DA:35,0,KeDmv2lVTT9IAvoaNrs0tw
DA:37,0,Pf8PR8jn69rP509MExHYSg
DA:38,0,u826Ta+5QjR4am2KpJDxtw
DA:39,0,mHOxw8diT8ZGYsT49RZjeA
DA:40,0,eJ6zrxnLWn/k18a2vHOhRA
DA:42,0,+pNbfy9o+cr8r1Caa0Dl7A
DA:44,0,XILmJWs2c2sYrQnP2pPlMQ
DA:45,0,kKFEsdMGDGQO8Q1BGUPD4A
DA:46,0,FDHQL7Mf+yAgcfNlqndyMQ
DA:47,0,3/5locsLtxbWc697wjAHuQ
DA:48,0,iGF8VWTcocOUEcOqSc/M1A
DA:50,0,c1xnxUiqTjbtRbXeHlEbmg
DA:51,0,zvcDCCkO0exTgnFpXop1mA
DA:55,0,YfWAEXldQi8iGOW2SW6sew
DA:56,0,eZV6tgjt6weIFSFtyfRKlA
DA:57,0,Ie4E1q9gtqsIuDVGmPoViA
DA:58,0,MnzpXe1veqpfA7nIMRo0OA
DA:61,0,wEKWDaJdUEkCSA6DQtNmAQ
DA:63,0,q9wcWB23xGhqon7nXg3jpQ
DA:64,0,xEDeu51DD6SJzcO/Nt/88g
DA:66,0,4I0OvQazLqUR3csb84DwVg
DA:67,0,c3+atXCUfOiGn6+eGfqgGg
DA:69,0,xjcDBnSwra0OiNOAYAwoHA
DA:70,0,Dgp23ooUROVbSki4lvtakg
DA:71,0,cCzhnT+1tmGi11b28Pmfwg
DA:72,0,j+Ezkmh3fmqHMU1IBahsFg
DA:73,0,H9lClBTm4sF8a7hO33ndhQ
DA:74,0,MnzpXe1veqpfA7nIMRo0OA
DA:76,0,igG3ajdZQ4ZZPnfbw4DmBQ
DA:77,0,LJMURLLT89cJbrnImcrVDg
DA:78,0,LOC3WONuUD1cHeeaTb8reA
DA:80,0,SSQ3ieiapzNz1jd+0E01lA
DA:82,0,MRyFXDAwUKpj8rc2M9Q4EA
DA:84,0,kExJKINfII7wc0oLfvrRlQ
DA:85,0,f+AtTXfLZuapTdj2uIBsBg
DA:88,0,8NvhDDxjJDBU3hY4Ue6l1g
DA:89,0,/2KP6F7w6TRmXPDTu0O1qQ
DA:90,0,q336n64ETys/vdfvmub8Mw
DA:91,0,DWuL/bLz5luHmNeTZx9UMQ
DA:94,0,oVaVLJni8uIqhDRvd2kCrA
DA:95,0,nyI+l6qO5WoTO5DQ1YO2zg
DA:97,0,YWluee9hu37gVg+JAe4rTA
DA:98,0,nqGQuf/tDssLh0+4bm/Pzg
DA:100,0,rbxyqSJ4gp6WYDLCyLPweg
DA:102,0,olxLcFytPFDOdtVnqrpIeg
DA:103,0,akWO+QX6M4ZmyLl8T1zM6A
DA:105,0,UdX27RLXCe7d6gDyfmgLhA
DA:106,0,yJ5Z0uaDcTJnbhwm2/m6dg
DA:110,0,MFf6VnH/wM9CluZ8JAAa1A
DA:111,0,ys3uzOMnQEaMMslty8B1Mg
DA:113,0,xCkVvG4fbpBQX7A2+8Rfzw
DA:114,0,2Z2P0e1RzulzUxr0QPXjTA
DA:116,0,2lv7N+AkAqJEhGvrD/gjLQ
DA:117,0,ytetzYRP2of64WmcSPH7Bw
DA:119,0,6Po+yt0rXLwKmV6Vjf+DLg
DA:120,0,gYJHvQrCMxB5L7T3TQTasw
DA:122,0,aprwRMEQ7QYN/BTBvww35Q
DA:125,0,kIJ3OLybWpZcEJiRyRw+nQ
DA:126,0,3kGcGuRvZjq1cVPdiyN7Kw
DA:127,0,N4UR6zNqsO6CH78k7Cyc6w
DA:128,0,6tHo49wxGhQRcnGCT6RZPQ
DA:129,0,mhVjaOiK2AUOHPH/D6Ceag
DA:131,0,/QFW83fhhYozpCNfF7cxVA
DA:133,0,YfVs0JS+1P/mWL+uY4DFOA
DA:136,0,E1dsXlhmQQHdXlyuo3syaA
DA:138,0,utwFZnANUNmZLsE9JlX7sg
DA:139,0,zDb4TIeyh/t8Yww58GqKmw
DA:140,0,TG9sXD6NDeglE+JJs4UOHA
DA:142,0,jttwgklYg5uALxwKgFEFVg
DA:143,0,kExJKINfII7wc0oLfvrRlQ
DA:144,0,LQV0wEzqEPeZJluVPUnpOA
DA:145,0,MnzpXe1veqpfA7nIMRo0OA
DA:147,0,bpCGpykHAeML6+164S/eZg
DA:148,0,xDOFEu/Ui5Sdcmh9dus9wQ
DA:149,0,LyRYBTs0Ub+zqAZx1q+cHA
DA:151,0,8NvhDDxjJDBU3hY4Ue6l1g
DA:153,0,fpHJWMKggWKNf9yiM0KuwQ
DA:154,0,MnzpXe1veqpfA7nIMRo0OA
DA:156,0,bVY5vjoU7oJoQ9udvcolxA
DA:157,0,O+cTe7OJqvQEIdpugEa1Vw
DA:159,0,Sbne30Nfp8jrEb8vJhDCWg
DA:161,0,uDcwS4HTIZHqqpSdMIZF0g
DA:162,0,IZHZ/poqZ+hvHsqc9wVBHA
DA:164,0,Xf9j8wgfOtc1rR2TTQob8Q
DA:165,0,8s/SWootIziiW1r1XMqtDA
DA:168,0,wvOdylV1JkzVTQ+5DTx06w
DA:170,0,727O2dZ9TMpwFWwizVjdCQ
DA:171,0,hPa1uTj6WN3++NKJoS7ilA
DA:172,0,I26573cDqeHBQmn2+oXQtg
DA:175,0,H6Q3nM2drXiLTS1OmC9irg
DA:176,0,IntdF9sMAsLNf7CyUqChIQ
DA:177,0,6rgBhtkd42TFIDwa61jENA
DA:179,0,g/t3dcIIIcgfOnsppe48IA
DA:180,0,2o4uotDyyAMG8t9bJKFjyg
DA:181,0,7GYI/qwlRbhywgifYKIacg
DA:182,0,6rgBhtkd42TFIDwa61jENA
DA:184,0,KBmCzQnFcPb72y3EPeH45g
DA:185,0,lLU1m7ubwye9O/iPc9ajkg
DA:186,0,TLKM2JM2JEWkljvrGgc+iQ
DA:187,0,NJtpw7sXHKZF96g0hk2DkA
DA:188,0,HwMDF72mR/2HjX3sKdxP+A
DA:189,0,n5cR4dnaT5dJEF2Fl2wD+Q
DA:191,0,Esxdmj5JOkhqiplqctMxgQ
DA:193,0,GhjyHw812THto9hRIxuP5Q
DA:194,0,IntdF9sMAsLNf7CyUqChIQ
DA:195,0,6rgBhtkd42TFIDwa61jENA
DA:197,0,g/t3dcIIIcgfOnsppe48IA
DA:198,0,1Hlm0JMZZ6Ou2TGWs3w5zw
DA:199,0,7GYI/qwlRbhywgifYKIacg
DA:200,0,6rgBhtkd42TFIDwa61jENA
DA:202,0,KBmCzQnFcPb72y3EPeH45g
DA:203,0,TLKM2JM2JEWkljvrGgc+iQ
DA:204,0,35Zu7e42cgJMKyP9Rjnqvw
DA:205,0,FlMQgJXsUnLupw3r7x/XaA
DA:207,0,Esxdmj5JOkhqiplqctMxgQ
DA:209,0,ROTWbBZ6wX0Af1gqWWpCWA
DA:210,0,IntdF9sMAsLNf7CyUqChIQ
DA:211,0,6rgBhtkd42TFIDwa61jENA
DA:213,0,g/t3dcIIIcgfOnsppe48IA
DA:214,0,+DO1M8ie7S1RDdVQzXj/5g
DA:216,0,7GYI/qwlRbhywgifYKIacg
DA:217,0,6rgBhtkd42TFIDwa61jENA
DA:219,0,PVsGVfgI4fDbM87gx3Scqw
LF:147
LH:0
end_of_record
TN:
SF:createthesun\src\tabs\__init__.py
LF:0
LH:0
end_of_record
TN:
SF:createthesun\src\tabs\achevementsTab.py
DA:1,0,XoTGu4yKzsMztTpvjfqADg
DA:2,0,sjiDwwkE6BWgpqigWn2uVw
DA:3,0,a33bXDoXS0XWw5omPPd+sg
DA:4,0,Vno9QintO+rB3/TP9ws+FA
DA:5,0,7Z9Lj4ed27Wf2hBX6jooEA
DA:7,0,j8I72zKq0MGhJzG/L0mtJw
DA:9,0,WN3xgGvpgzmJHmzLrXp2aw
DA:10,0,9ib9jXLYq8Jpa8IR4GQL4A
DA:12,0,Nks9ouSGYRcsqU+wnfT4lw
DA:17,0,djOPGPxvE+ZjtgMUFc8e3w
DA:21,0,Jh0fm/pD1l+ZV5UojaxVTA
DA:22,0,Yt7/0ZUawqwewp0Uh8Fg6Q
DA:23,0,WOwJxA6R7uUewE816b2YBA
DA:24,0,1XxlHrWBfcTYzmbCQhJ6PQ
DA:25,0,1TAQqbN75dH0n7gic29s0w
DA:26,0,XHZWXf38KWhkT5E5ugl8OQ
DA:27,0,QN1j894CYBeyyFwFXj8wdA
DA:29,0,k5DdIL601OzYqXIv6iLmfg
DA:34,0,P/tVMKRLvOtZ0Qx3Bnqfzg
DA:36,0,+SLz7cqff4AdNkgANvhf5g
DA:37,0,UYnYv2Tf+52jYQA4og7ffA
DA:38,0,zUWZ1WpwERZ0klM/6ODjvg
DA:39,0,bw5nxxf2C/JkTf5rWWggmA
DA:41,0,JOT+VjhuhumqtoND35pqTw
DA:42,0,ez8LonEOgL7FNXA+lKvKZw
DA:43,0,9AeLGvGZ0OuahT5GN6OmYw
DA:44,0,0yjVrIkX8PCrahgTSdj08A
DA:45,0,sqZ1h+BhS1SXhq2EdmYKzQ
DA:47,0,CXxjWl4v0x4n/TBIwAGFFw
DA:48,0,NofvEWCgoydZ6iR+htzZNw
DA:49,0,iGv1zBogh5EGAyuKUtqDdw
DA:51,0,DZ7kPl+6EaRx74r73raI7g
DA:53,0,+t5KG18bW/qKuA/53QgBlg
DA:55,0,KuiBswi6f0UddlmrEaKhfQ
DA:56,0,qSziSPB/M8fT5rZCi304yw
DA:57,0,DQ16ziqlIYMR+EdS0IdoLA
DA:58,0,2NJTQmDIRZpMT1ngr7PjbQ
DA:60,0,DfiyM2/rkNPBZDlBTW/eTA
DA:61,0,lBdaN1KAISgr+Z+h+6pktQ
DA:62,0,t/gtRyL/glA1tLK6LvKArw
DA:63,0,Ejxpv685L+fiwrOcJ5aeHQ
DA:64,0,eLHmRjPlTG8hiiQ0c6VwKQ
DA:68,0,4tBQIHdWVIxlV/rt7Zb+Sg
DA:69,0,q4NHKzhLB76fFhfTJg0AkQ
DA:71,0,BmRhYmGpl3leocPtNk8y3g
DA:73,0,86fHJOGdeMRmlYUKMZ8w3Q
DA:74,0,PMzDC6oUD8fZlHGlHGaKDw
DA:75,0,bFrl1H16IiPhEornPqr4yA
DA:76,0,usPz0HgVQ6dUrWLmhKEp6Q
DA:77,0,5fq3eZIWLYjG//tMsG1pMg
DA:78,0,xr/8Xl1Fus3te8JxjzY6lQ
DA:79,0,VHecfCQe3R5C7/bvaH5aZg
DA:81,0,930bf1uqGdBjRROMIXsm7Q
DA:82,0,mz/Ky7IM4BigSBW1wXtuTw
DA:83,0,rFkGuC+NCvQ8cCYaU/2HiQ
DA:84,0,kbuhBsIJ92VWCJRXLYrmiQ
DA:86,0,mg3A8DpqQEBi60dMQCj2nw
DA:87,0,VXwPNN1UH4xsBZV2G8Bx4Q
DA:88,0,GCzNGM8793KMOTG+lqPfRQ
DA:89,0,tWgRFdEEmEuLNAQrzPIvbA
DA:90,0,QIG+K6tX3YpWBan6jXLCIQ
DA:91,0,xKh7uwWE+6KojdgQYvIrNA
DA:96,0,w7K6RwgwjPrvf+KFYjfl1g
DA:99,0,p3f/edgGocF6CoxTxasp6w
DA:100,0,97T0CcoypklHallss79jTw
DA:101,0,WOwJxA6R7uUewE816b2YBA
DA:102,0,Npo5JmUOr9lOsv7qEqQoEw
DA:103,0,Y6hsqhS8oFwoaHhsF8YbUg
DA:105,0,P3hUemMfxsRmjpJeA0QKWg
DA:106,0,gcGJK7amcyixGDePhSPy5g
DA:107,0,TXMQsxGPHQktbkVIkfnIcQ
DA:108,0,SSlt9sivRw9XKAcDgo87cw
DA:109,0,+SLz7cqff4AdNkgANvhf5g
DA:110,0,BpvuC4J6Y9gxXg4wZfrUTQ
DA:111,0,bw5nxxf2C/JkTf5rWWggmA
DA:112,0,sm2BV2+pbGLR8bk2oP4qog
DA:115,0,YrI5YmQND+jwMIq1KqzH2Q
DA:118,0,HM2mC6QBntXKzPFZxcoy5Q
DA:119,0,uU9ERm6MW9yMK65eH27n7g
DA:121,0,Z+dCfEl0joeBnOq1/kFxvA
DA:122,0,7LltnQ6LM/EJMldc6Y0wxw
DA:123,0,f+GBAJsyKX46o+Iharsa8g
DA:125,0,pzEakLTZKjhiCsFqCu/gTw
DA:126,0,tLRz6uroKmCd/goigsYFbw
DA:127,0,BLmqjkelETWdjR9KhuPzEw
DA:128,0,bqhGgD8ebbZ6Xf76qFtQBw
DA:129,0,MxSvbXFO7MuTE4/GB4V7Cw
DA:131,0,HeX4nvaS/R0iht0dKPMIWA
DA:132,0,CtRs5w8T0LTNgIKg6FIMTQ
DA:133,0,mx+KA0vcsuZ0hnpBoGgBFA
DA:134,0,uYB68pYHH7YpewQY5+8KVg
DA:135,0,7Lq4cJ6VKxnFPzin4uYDBA
DA:137,0,Emp64NJyYz3nOCD4wcU2XA
DA:138,0,mkE8tV34obBnbwsGnfUfPA
DA:139,0,PT8JWdiZUMC2CidwhIgJRA
DA:140,0,Nnqc3P7WFtQ+wmpRq3OCXw
DA:141,0,Bypalmtn4p/HyR+jpGqa5g
DA:142,0,suFUNtL3J+2M2LVG14LHjQ
DA:145,0,hejhU8F2mxM2IWv0mMWrDw
DA:146,0,Nnqc3P7WFtQ+wmpRq3OCXw
DA:147,0,sh8WXNPRqI03ZD1t3HoPaA
DA:148,0,y1WlYd70RFGb3PcH+HEwuw
DA:149,0,piDXlZWMdPkd7A84D0ToWQ
DA:153,0,7d66byTfjvHou8AauBM8HQ
DA:154,0,iJpOC36SCasYTNX0uwUBdg
DA:155,0,gFdnwIzxJ64X+nD2UauP7A
DA:157,0,WOwJxA6R7uUewE816b2YBA
DA:159,0,6i3bS3NtzZm0D8xdHAMkyw
DA:160,0,h8r1UbQLnfG1pxDcPq9IhQ
DA:162,0,srrs5AUqsTlldSSv+9AZwA
DA:164,0,KCzUbJmO0ERbzgp3LYmYZw
DA:165,0,y62zvBP8EOUVVXRRQIGzbQ
DA:168,0,Q51cG3ec6otYNqw7oV4X2w
DA:169,0,hkcVnG1wW/kpCy94tILebQ
DA:170,0,ZeNBaX74C1P6gG816jTFMg
DA:171,0,dRFDpqz7v98GwKIWkCBjDw
DA:173,0,fV506uaUiZgDmh+NCPHsMA
DA:174,0,rVHufk6WcAbem5szh98oPQ
DA:175,0,7l/pIkDCSsBKLXNFxM1aIw
DA:177,0,uU9ERm6MW9yMK65eH27n7g
DA:178,0,61svS6R6DiqHk+SLjTJYog
DA:180,0,Emp64NJyYz3nOCD4wcU2XA
DA:181,0,ATWEWIA8ND7ftHdv/BkKKA
DA:183,0,bZiBxCc+Co6V20KJSyb+MQ
DA:185,0,mLSFIExUQ/4SME2kXgoUQQ
DA:186,0,wNqTA0NbscE/cYHFU27dlw
DA:187,0,JDXbFhghkzXnlksFkrjkdA
DA:189,0,MVMbGDx2I4esErCTAPacbQ
DA:190,0,A8Rb3zWcjZrYrk4t7yyYdA
DA:192,0,c/yL5voQcV3LLdYR2ARrZw
DA:193,0,Dp1SWcagVtlOYTaY0b6uJA
DA:194,0,HZqjWZJ1NSIRx8tudzmeSw
LF:132
LH:0
end_of_record
TN:
SF:createthesun\src\tabs\automationtab.py
DA:2,0,OaTlemF3bXMi5MP7Db8vkQ
DA:3,0,4KXOIu0EzlFAqlH6QJ+whA
DA:4,0,2/+ysJB2BBzVWbseKUaEjQ
DA:5,0,O6w8dbfllVhpnFchOrbEOg
DA:6,0,gaGEfL09KMRFdweki5abGg
DA:12,0,UQbhvqHeNdy3RmQc0BvKFg
DA:13,0,OeQ634+GbQAiRUgUU5tP1Q
DA:14,0,0KZL+6cdi5mji8wYXoKVCg
DA:18,0,Nks9ouSGYRcsqU+wnfT4lw
DA:19,0,6kJ+r4uL3147hyDQdGVlKA
DA:21,0,l9lRFXfGK2nIoeqa3RlxUw
DA:22,0,18xNb1vabhJB42thK26OGQ
DA:23,0,BK+foMhfUltpwhLaXPLX4g
DA:24,0,WOwJxA6R7uUewE816b2YBA
DA:25,0,3P+yOa7cFjifaaRhDIXTZQ
DA:26,0,8Nb6mwIDLEbvaNSFGBQ6Qg
DA:27,0,h8r1UbQLnfG1pxDcPq9IhQ
DA:28,0,x3Z89fIsTiZEjtOu6T+7BQ
DA:29,0,5DvHK8BeOB2P51vJPB7Hcg
DA:31,0,wEPwwfMxD29o3rBAUTUnSA
DA:32,0,q5vGOe2PV5DfXKAWROY0sg
DA:33,0,Tv5GJCVcJYGY2cLN7xIWHQ
DA:35,0,ohfsMe4WZNudsIKhM4DQEA
DA:36,0,45rx3UOGyF4h/oIPCAllKA
DA:37,0,qT2VrIp9zaELRYJJMpCotQ
DA:39,0,u0UX3vHIg/VqpEl2vpOjfg
DA:40,0,aK2B/GKOYvKChacGUq0uXw
DA:41,0,8q++O3zaGr/ABZ0+0bKoIQ
DA:43,0,medUZf6SffSeAt0RZBs7GQ
DA:44,0,q2KKAGKYe/CavW40UiaVXw
DA:45,0,uU9ERm6MW9yMK65eH27n7g
DA:48,0,DWnEIc0W20lPw7kNqsaTZQ
DA:49,0,Znt1eWdON/TdNwAHrgtY4Q
DA:50,0,CinBc+R1FXb74lrIH/2Jrg
DA:51,0,wQB4/4sIceEqntRl2EV/OQ
DA:52,0,DXjw/OAno63irqixhR1I5Q
DA:54,0,yVkiJnRAGMkNwDxb+U7sCg
DA:55,0,gRooMgr8fM6OF138SidTBg
DA:56,0,mAyjEHApmNG575/XdhUorQ
DA:57,0,dHf/DCvnZYumAUwo/212Xw
DA:60,0,nhCkqQF1mEwJ+ekfv0Bk1w
DA:61,0,CinBc+R1FXb74lrIH/2Jrg
DA:62,0,YWzyBKvxyXTYk3r/UWiv8Q
DA:64,0,0ExgBBncSkPie6Hcg4nn6w
DA:66,0,fLySba2Oz/5kKJnoOFAxJQ
DA:67,0,F3DRxeJmOno0R4Y7kWHQJw
DA:69,0,mAyjEHApmNG575/XdhUorQ
DA:72,0,c/yL5voQcV3LLdYR2ARrZw
DA:73,0,ve3glpnJv+XofQCoBqzK7A
DA:74,0,LfVp46V0nboYFpkZXODcrA
DA:75,0,sCYsusfHv7sG4vaq/rWG1g
DA:77,0,jo6UK8sA0cHfDbTZpCw51g
DA:78,0,BhzzB72kkSj/AX+jnW4wwQ
DA:79,0,BjEPPTvCIiIGvchD0xpnkA
DA:80,0,ODieWbM597v52ntOvG8isw
DA:81,0,PeJhT8R+GrWTOKr29yyTwQ
DA:82,0,ROiI5dqW6bo8+ufNhup4og
DA:83,0,f5m309rTOOLNjo4uNeuQWw
DA:87,0,7d66byTfjvHou8AauBM8HQ
DA:88,0,gFdnwIzxJ64X+nD2UauP7A
DA:89,0,WOwJxA6R7uUewE816b2YBA
DA:90,0,n3bOoCN7q1q8CKjamyOI8A
DA:91,0,w2YRF1UOJ3wG1c9dDvGDPw
DA:92,0,rZg9kPjVFIzfHvr6wNv3fg
DA:93,0,tFwaGnyVDXFjesPwE7yy9g
DA:94,0,5cDh0DN0IXhDPDc7HmFO6g
DA:95,0,o7Co9blWibYswO/aFPlW2g
DA:96,0,reZgshlIOIEtxOK4H98cbw
DA:98,0,uU9ERm6MW9yMK65eH27n7g
DA:100,0,nhCkqQF1mEwJ+ekfv0Bk1w
DA:101,0,7hZsz+fvyb8qulpXBGv7Ww
DA:102,0,W36QgTt7eohranSyXjZqQA
DA:104,0,c/yL5voQcV3LLdYR2ARrZw
DA:105,0,7hZsz+fvyb8qulpXBGv7Ww
DA:106,0,dojh29tCOke2MPuCziHSsw
DA:108,0,jo6UK8sA0cHfDbTZpCw51g
DA:109,0,7hZsz+fvyb8qulpXBGv7Ww
DA:110,0,FSSzhIqSUPsSjlY+RHlBHw
LF:78
LH:0
end_of_record
TN:
SF:createthesun\src\tabs\electrons.py
DA:1,0,4KXOIu0EzlFAqlH6QJ+whA
DA:8,0,vnjQQFxoWdVoPJxlpph0qA
DA:9,0,0KZL+6cdi5mji8wYXoKVCg
DA:10,0,0NTMfVSe3jc8aESXIuSN7A
DA:12,0,Nks9ouSGYRcsqU+wnfT4lw
DA:14,0,DN3M8Qbhajk1bTZ8a1pT7Q
DA:15,0,qbDr/N6e1HBcfSCMjqlRuw
DA:16,0,ttDeTB5YOT1sjqWaZQACcA
DA:17,0,l6gWCE2cJsrotjQftskIDg
DA:18,0,c/yL5voQcV3LLdYR2ARrZw
DA:19,0,SESZCsA9tzvUeycUg+4zfQ
DA:20,0,owUkWd21sq0DhWq3QE6pXQ
DA:21,0,Phh0Z5i7TuJmvuOOBu+qbw
DA:23,0,rRjyM5dEwZ/Mn/E+/3FiEg
DA:24,0,JFAt2cfCDjN0n9yd85JKuQ
DA:26,0,DdhuCVuD+NkSRscF4SQcXw
DA:27,0,XcwYmp/IOmbn8t+uA3HMTA
DA:29,0,gFdnwIzxJ64X+nD2UauP7A
DA:30,0,WOwJxA6R7uUewE816b2YBA
DA:31,0,5DvHK8BeOB2P51vJPB7Hcg
DA:32,0,n3bOoCN7q1q8CKjamyOI8A
DA:33,0,2NZqTVzNak1xx6JgHpbUCw
DA:34,0,NUr7Gv+Jkf2bRLcnuu4Tbg
DA:35,0,Q1eN5c6JNO7nA6xAt4hHHQ
DA:37,0,SQ1NXtqjRqXl1ZVqR5pIsA
DA:40,0,elvEDvAuCRzH8U/kMeGAjw
DA:41,0,2cUyn7v1VCe53FxUjb8F+w
DA:42,0,8sbQPVp1KS5R3v3lF7xlxw
DA:43,0,t0/p6xKplH/VPvCHG0HDAQ
DA:44,0,WLhiPwWCQB9G0znTw9CzZw
DA:46,0,p0YEg6hQq5eul/aJBOhA7Q
DA:48,0,uU9ERm6MW9yMK65eH27n7g
LF:32
LH:0
end_of_record
TN:
SF:createthesun\src\tabs\maintab.py
DA:2,0,OaTlemF3bXMi5MP7Db8vkQ
DA:3,0,50k0FpQFtVUqNFoMXZz8cA
DA:4,0,mUDsnWRiqW9R9nTILGKIZg
DA:5,0,4KXOIu0EzlFAqlH6QJ+whA
DA:7,0,GsbwaELwMnTCSv1Go6lIIQ
DA:8,0,SrFQpyPdbhRIIMPrQvdOdQ
DA:9,0,2taDMM7bAKUXA+D0Ae7BhQ
DA:12,0,Nks9ouSGYRcsqU+wnfT4lw
DA:13,0,rN4g/M65C9wFRaT3oEuevQ
DA:14,0,91fUxsY8U4csizMS5d3SNA
DA:15,0,O6w8dbfllVhpnFchOrbEOg
DA:16,0,ji4fNEn7LCi6Gd63LxmBjQ
DA:17,0,t+gpMSoPqG3E13c2HPj1wg
DA:19,0,k4Ef9EXyH/wiBZZtGk+iqA
DA:20,0,18xNb1vabhJB42thK26OGQ
DA:21,0,WOwJxA6R7uUewE816b2YBA
DA:22,0,gcGJK7amcyixGDePhSPy5g
DA:23,0,MoRunbGkHtNnRrcWnZowqQ
DA:25,0,BK+foMhfUltpwhLaXPLX4g
DA:27,0,6LeJxi+Il93qv5Qq7ld7Mw
DA:28,0,dXoQDNq5+/INUrjRZ3H+pQ
DA:29,0,SQztwwzd4rOP7Ev9SVW7Ew
DA:31,0,Z1woNCHdab0UhhzC/c4nGQ
DA:32,0,rfkigCbXX59J35xfXGbbWQ
DA:33,0,Tkukc97/0PL75BLShlOWyA
DA:34,0,Yy35Aj+SBNN0LPl96nk67A
DA:36,0,5kuZBueHXNYJasrGPNndaQ
DA:37,0,LgljLeGK3DB7Et18vCPAUA
DA:39,0,j36IDKJ6s6wObNxt0DgPWA
DA:41,0,SQ1NXtqjRqXl1ZVqR5pIsA
DA:42,0,65dnH37ymijfqmDAlgIimw
DA:43,0,JdzkvDlzMD0OKvbGrIQ2/A
DA:45,0,K0TduPotY+EsBqZ4frf7Hg
DA:46,0,KlzNS7yc7nwaR3kfnCKRtg
DA:47,0,B5sTmP+SJGFc3JPL/kFiUw
DA:49,0,uU9ERm6MW9yMK65eH27n7g
DA:51,0,DWnEIc0W20lPw7kNqsaTZQ
DA:52,0,yUCK7PQFhH2B3HuALSnWuQ
DA:53,0,t+Tlo9CXA1kG3tVVLUWllw
DA:54,0,IGlFORT67BFX9XdK6qreWQ
DA:55,0,ZxIpDNtkj6g67o/BHhiZRw
DA:57,0,qgGo4DBLe31NLduaqJOO8A
DA:58,0,X6hS4rS/3ScIuGuPy1jXlQ
DA:61,0,Mx8ygfzVpyTnpIfyI4aX/A
DA:69,0,ejVXTzzh/NEo1n+WJyVt2g
DA:71,0,VCAUfXC6SlJiSAfwqO3HyQ
DA:73,0,dsO4GYfzYx2he71AByTwuw
DA:74,0,eJdvp3/yctuCmyMpr1UbHw
DA:75,0,mrj5LvnfwmqqfKQFGPeK4A
DA:77,0,Z2mOdGQLAqPTvk47p2PZiA
DA:79,0,6TaN8KG+7/pu9o0+S6Hcpg
DA:82,0,y148IIpGAWOc39+40+jhKw
DA:83,0,gFdnwIzxJ64X+nD2UauP7A
DA:84,0,WOwJxA6R7uUewE816b2YBA
DA:85,0,gcGJK7amcyixGDePhSPy5g
DA:86,0,BI47HdA52+m/UEKRY+y8PA
DA:89,0,9U4zn5bSfIBiHdkt8OMymw
DA:90,0,X79Put4NLe1bnDVArjwM2Q
DA:92,0,Qmprgu2qDnWpzUJO1n+bdA
DA:93,0,n4K/+N8ll0LbKAjH2Ilh4w
DA:95,0,a2hTJqVHj6AbxmxblkIg/A
DA:98,0,VuGQ7rRkKXNMKF3rd6c9YQ
DA:99,0,QwMiWE8Wb82gEiFLGg8cEQ
DA:101,0,SQ1NXtqjRqXl1ZVqR5pIsA
DA:102,0,HT2naDpLzb04nF8FhmPxgw
DA:103,0,lXgQX5JKmFf7kQ2hgD3fOw
DA:104,0,VHGj0TH5RmlpLv/b4QBELw
DA:105,0,uU9ERm6MW9yMK65eH27n7g
DA:106,0,ujezBAGY6Q4sy9yDb7ZxHA
DA:109,0,7zChhRGQgGDmmDpGD3fRdQ
DA:110,0,xjcDBnSwra0OiNOAYAwoHA
DA:111,0,JwF8bZleIAWif6xHiB1A6A
DA:112,0,fEldQPQELfDAD/Ovbd4low
DA:113,0,S0t1ZBiYCOsrGnZVOWBLOQ
DA:115,0,58YG4IIqWj7iyrM3gj7AXw
DA:117,0,uYFzjTfj/gzVLrgXDSwGeQ
DA:118,0,3YMCPDRRiTd7NrrdXZvSGQ
DA:119,0,ow75xXkSt0BV3kmtZpDT3g
DA:121,0,eUJiRPOOilX+pnthNiOVPA
DA:122,0,gFdnwIzxJ64X+nD2UauP7A
DA:123,0,WOwJxA6R7uUewE816b2YBA
DA:124,0,n3bOoCN7q1q8CKjamyOI8A
DA:125,0,BI47HdA52+m/UEKRY+y8PA
DA:127,0,Ppwv31weGWqmHabdg+QzAQ
DA:128,0,KeKffUVnaq6xbdTySzaVMA
DA:129,0,jaVb7XwhnDjYzR62PnNh0A
DA:131,0,uU9ERm6MW9yMK65eH27n7g
DA:133,0,fhy/Mtena8XsepbjBxHI/g
DA:134,0,0Eezzg4IjKv8OTyQlbE6mQ
DA:135,0,K/3rGOvpiAMrOCL1GsAXJQ
DA:136,0,kSfz9DpxFMc9dNOzEXp0Ow
DA:137,0,pOJwuGdEbe7GLbMcySd1QA
DA:138,0,nhCkqQF1mEwJ+ekfv0Bk1w
DA:139,0,cSxyFtQB6C4xieD9GWSOKA
DA:141,0,7d66byTfjvHou8AauBM8HQ
DA:142,0,nnxPaSW/dD0agXZmlWK3AA
DA:143,0,gFdnwIzxJ64X+nD2UauP7A
DA:144,0,WOwJxA6R7uUewE816b2YBA
DA:145,0,LN3uJKDYEor6+BX18z1D3A
DA:146,0,ehowDWTKO75/DRXG/h5pEw
DA:147,0,SEmm02WNUNHv1VnLYCmYaA
DA:148,0,NtRuLQAmIS4u3fXygsDpYQ
DA:150,0,+eYvv+j+mb0qoi7tTRF4kw
DA:151,0,diR3s56f1M4NFxPOxMjH8w
DA:155,0,xP9F8VV3xSULnefmfDpwBg
DA:156,0,YeYcmpUaPIur+W6NpsIj6A
DA:157,0,D8S3KqHFZa2jnz9EmWU2Ww
DA:158,0,Q5Ekf1qvWqqEOz56GJT12Q
DA:161,0,hkepvFE7B/Zjl3tyW01RJw
DA:162,0,uEg04SLmeXgjoMufPj9DhQ
DA:163,0,hEnONmY8abwapNMXp0KCSg
DA:164,0,HzeZnwIdrWk13onV6N1gRQ
DA:165,0,zIAHWDfYAM5QtZSUG587wA
DA:166,0,AeayeAbHBtRG9R/RVqO2XA
DA:168,0,l/4skvRwDMLwNwWbfbm8yw
DA:170,0,HsC0u7PvSw0kaGEgc60w2Q
DA:171,0,eB0+khBQ3t+oONSGZEqLyA
DA:172,0,Z+bDZ1t1ct5ZnegyrXrGZw
DA:174,0,nhCkqQF1mEwJ+ekfv0Bk1w
DA:175,0,292DW+FNqBcjwQBWwuGYNQ
DA:176,0,llPxIq5N2ORCvhy820pyKg
DA:178,0,H4m1keEW9lDGJk+vSBaOPA
DA:179,0,XqfyACUWqTOrAL11o5s15w
DA:181,0,vPbLg0ni4RyR5PwyUGNgVA
DA:183,0,GvK0UUlsslC8hvImo16AKw
DA:184,0,fB0JCYCW4Hi1t8tysQNYVQ
DA:185,0,EdPUimVnqSbN8BuQwtLu4A
DA:186,0,/+w4g6GbkIKjb1rOqOS6Gw
DA:187,0,UDFf8ol5mfWUH2qLMhrUQw
DA:188,0,7bN0KdWHIkPySU9HjvYaOg
DA:189,0,AIWsho5TcI9+5EtNkX7xdg
DA:190,0,87h/Z3P/yXaiuOSLlIHDyA
DA:193,0,uEg04SLmeXgjoMufPj9DhQ
DA:194,0,MyeBZh7OS75RokdnUx9ZDg
DA:195,0,ozuR/7fbqM5202GSA+btoQ
DA:196,0,meq+GXfdUHnrln2vATAugg
DA:198,0,Z+bDZ1t1ct5ZnegyrXrGZw
DA:200,0,0CaVa2iiDOeMX5KFjYwqMQ
DA:201,0,p4nhffZn4ozf8UH7N1l0jQ
LF:139
LH:0
end_of_record
TN:
SF:createthesun\src\tabs\rewriteTab.py
DA:2,0,OaTlemF3bXMi5MP7Db8vkQ
DA:3,0,4KXOIu0EzlFAqlH6QJ+whA
DA:4,0,2/+ysJB2BBzVWbseKUaEjQ
DA:5,0,O6w8dbfllVhpnFchOrbEOg
DA:6,0,gaGEfL09KMRFdweki5abGg
DA:12,0,UQbhvqHeNdy3RmQc0BvKFg
DA:13,0,OeQ634+GbQAiRUgUU5tP1Q
DA:14,0,0KZL+6cdi5mji8wYXoKVCg
DA:18,0,Nks9ouSGYRcsqU+wnfT4lw
DA:19,0,6kJ+r4uL3147hyDQdGVlKA
DA:21,0,l9lRFXfGK2nIoeqa3RlxUw
DA:22,0,18xNb1vabhJB42thK26OGQ
DA:23,0,BK+foMhfUltpwhLaXPLX4g
DA:24,0,WOwJxA6R7uUewE816b2YBA
DA:25,0,3P+yOa7cFjifaaRhDIXTZQ
DA:26,0,8Nb6mwIDLEbvaNSFGBQ6Qg
DA:27,0,h8r1UbQLnfG1pxDcPq9IhQ
DA:28,0,x3Z89fIsTiZEjtOu6T+7BQ
DA:29,0,5DvHK8BeOB2P51vJPB7Hcg
DA:31,0,wEPwwfMxD29o3rBAUTUnSA
DA:32,0,q5vGOe2PV5DfXKAWROY0sg
DA:33,0,Tv5GJCVcJYGY2cLN7xIWHQ
DA:35,0,ohfsMe4WZNudsIKhM4DQEA
DA:36,0,45rx3UOGyF4h/oIPCAllKA
DA:37,0,qT2VrIp9zaELRYJJMpCotQ
DA:39,0,u0UX3vHIg/VqpEl2vpOjfg
DA:40,0,aK2B/GKOYvKChacGUq0uXw
DA:41,0,8q++O3zaGr/ABZ0+0bKoIQ
DA:43,0,medUZf6SffSeAt0RZBs7GQ
DA:44,0,q2KKAGKYe/CavW40UiaVXw
DA:45,0,uU9ERm6MW9yMK65eH27n7g
DA:48,0,DWnEIc0W20lPw7kNqsaTZQ
DA:49,0,Znt1eWdON/TdNwAHrgtY4Q
DA:50,0,CinBc+R1FXb74lrIH/2Jrg
DA:51,0,wQB4/4sIceEqntRl2EV/OQ
DA:52,0,DXjw/OAno63irqixhR1I5Q
DA:54,0,yVkiJnRAGMkNwDxb+U7sCg
DA:55,0,gRooMgr8fM6OF138SidTBg
DA:56,0,mAyjEHApmNG575/XdhUorQ
DA:57,0,dHf/DCvnZYumAUwo/212Xw
DA:60,0,nhCkqQF1mEwJ+ekfv0Bk1w
DA:61,0,CinBc+R1FXb74lrIH/2Jrg
DA:62,0,YWzyBKvxyXTYk3r/UWiv8Q
DA:64,0,0ExgBBncSkPie6Hcg4nn6w
DA:66,0,fLySba2Oz/5kKJnoOFAxJQ
DA:67,0,ss3+ywmRjinFvfegcqPNXg
DA:69,0,mAyjEHApmNG575/XdhUorQ
DA:72,0,c/yL5voQcV3LLdYR2ARrZw
DA:73,0,ve3glpnJv+XofQCoBqzK7A
DA:74,0,LfVp46V0nboYFpkZXODcrA
DA:75,0,sCYsusfHv7sG4vaq/rWG1g
DA:77,0,jo6UK8sA0cHfDbTZpCw51g
DA:78,0,BhzzB72kkSj/AX+jnW4wwQ
DA:79,0,BjEPPTvCIiIGvchD0xpnkA
DA:80,0,ODieWbM597v52ntOvG8isw
DA:81,0,PeJhT8R+GrWTOKr29yyTwQ
DA:82,0,ROiI5dqW6bo8+ufNhup4og
DA:83,0,f5m309rTOOLNjo4uNeuQWw
DA:87,0,7d66byTfjvHou8AauBM8HQ
DA:88,0,gFdnwIzxJ64X+nD2UauP7A
DA:89,0,WOwJxA6R7uUewE816b2YBA
DA:90,0,n3bOoCN7q1q8CKjamyOI8A
DA:91,0,w2YRF1UOJ3wG1c9dDvGDPw
DA:92,0,rZg9kPjVFIzfHvr6wNv3fg
DA:93,0,tFwaGnyVDXFjesPwE7yy9g
DA:94,0,5cDh0DN0IXhDPDc7HmFO6g
DA:95,0,o7Co9blWibYswO/aFPlW2g
DA:96,0,reZgshlIOIEtxOK4H98cbw
DA:98,0,uU9ERm6MW9yMK65eH27n7g
DA:100,0,nhCkqQF1mEwJ+ekfv0Bk1w
DA:101,0,7hZsz+fvyb8qulpXBGv7Ww
DA:102,0,W36QgTt7eohranSyXjZqQA
DA:104,0,c/yL5voQcV3LLdYR2ARrZw
DA:105,0,7hZsz+fvyb8qulpXBGv7Ww
DA:106,0,dojh29tCOke2MPuCziHSsw
DA:108,0,jo6UK8sA0cHfDbTZpCw51g
DA:109,0,7hZsz+fvyb8qulpXBGv7Ww
DA:110,0,FSSzhIqSUPsSjlY+RHlBHw
LF:78
LH:0
end_of_record
TN:
SF:createthesun\src\tabs\saveLoadTab.py
DA:2,0,OaTlemF3bXMi5MP7Db8vkQ
DA:3,0,4KXOIu0EzlFAqlH6QJ+whA
DA:4,0,7Z9Lj4ed27Wf2hBX6jooEA
DA:7,0,gbXUPB1YJ28nBxFqJh4dPA
DA:8,0,0e9xyinnKuNm26zqmHvSqA
DA:13,0,izM3bG4IemudQAL3DLuLkA
DA:14,0,GZbeCJfElpwv6eIDPELItg
DA:15,0,OG9Ye2qY6D99keg9DPIKFg
DA:16,0,Nks9ouSGYRcsqU+wnfT4lw
DA:17,0,O6w8dbfllVhpnFchOrbEOg
DA:19,0,HU7kGDBkfmbVs8H5MkNgrA
DA:20,0,ajwRGsFseD9ukx3/zLalPw
DA:21,0,kAnZ0V2+C4ZV4R6bf50qvQ
DA:22,0,p6XmsvSOrv/nF+rjtGWUlQ
DA:24,0,nOvylWdidpgO127KI4I6fQ
DA:25,0,3fSsej7qHjMaqMhg5fMZ1A
DA:26,0,Z1L9LpJVrmoXTzYt22O2cA
DA:27,0,+JgjeoPbymhqYKpMywrzYg
DA:28,0,yxv+CA5W72DoCLkPD2HrXg
DA:29,0,4UDEYD/WmCjewkFFh9ISxw
DA:30,0,7spw08JZWr5EeiZOPmXPeg
DA:32,0,+LDoJM/iRTlflcP8mjNQCQ
DA:33,0,eyeuTrpKKnzKUwUZegOOYQ
DA:35,0,WosP0/80UG9/nNFy/06jrA
DA:37,0,kTSbDZOVGN4w91Xiz29XTw
DA:38,0,2IiLvoNoEIG4BAOGWKCmvA
DA:39,0,yizaq34v7Tj3+ti/ubxKVw
DA:40,0,X+ko5TCIOsOI1Eedo6ZHxw
DA:42,0,VJrtcihqb4Gkv9LvSjj5eQ
DA:43,0,zDzUo/LO1WCJdiihWXpJZw
DA:44,0,jjrqN3cBDmYuwCEp+PhRpg
DA:46,0,iqLC3C+FSl/KRloMhW9kKg
DA:47,0,0f/W3E2zXQNkdMkVad0+tw
DA:48,0,jNH+elLdRpeZQX93MY4+yw
DA:50,0,/ouhCZtB8c04oQOIDMvwpg
DA:52,0,WrzIhKNOeDjo7j5YATWLGA
DA:53,0,qA+SEsaKZLUEGmWJwv0avg
DA:54,0,hB2s3MllFX8SQhKFvo3hOg
DA:56,0,xha2nsnfEm5JYSWKbapj6g
DA:58,0,hB/cSvkoplrsOofh7Zxutw
DA:60,0,81aPEmLFPiPmUFxOCKOUEg
DA:61,0,LlgYWOSrtV74gsDqZqvZOA
DA:62,0,iPdoB4Dehc1CJ3TPWYhEQQ
DA:63,0,ouE4b8U7aUV/PyAfgZJH+Q
DA:64,0,Aa7EDgU0trU2TL9/dVZWvA
DA:66,0,HlKoYmWuWfGqFV1fn48YJQ
DA:67,0,duTv5uZ9s3PCgSpKKpybXA
DA:68,0,6fodTyHmRT/RUOycbRDnfg
DA:70,0,tN6BWqvhotPCC2jozZP1EQ
DA:71,0,czT/lfTUludgW7G3fQoflA
DA:72,0,mTEThiD4woP/q14+f05TCw
DA:73,0,FTdQaLeGpp9I9gyg50/hjA
DA:75,0,xBfUO/histkiFEQUkQi7cg
DA:77,0,Y1NFtNq2ZC+MLBqSac9NmQ
DA:79,0,hEuwvtSsIkRqotAXqpdtOQ
DA:80,0,AuW74PsK39PzlZYM4MqACg
DA:81,0,wM5qhshTARvJkPYrGxdjyQ
DA:82,0,+JgjeoPbymhqYKpMywrzYg
DA:84,0,nplMjNUutB1ImrnNuV2Kew
DA:85,0,/ouhCZtB8c04oQOIDMvwpg
DA:87,0,THiqxh59sw+30TSWZLZ+mA
DA:88,0,ubRViLCvkhOE/1+Q3sq8jQ
DA:89,0,rj0p9Roj1RcAfL7KaVeUKQ
DA:91,0,YoIkPrV9OYHc3xVHg5pWnQ
DA:92,0,NSMEGlxgGlz+OHAlowyGSQ
DA:93,0,IPfxkAkYFg9onSEeHYZBhg
DA:95,0,/eXSiGv60AilgzYifWp35Q
DA:96,0,G9N5lkl2QPN973lWCcer9g
DA:97,0,TBWJE9K7/NJgW8shKWvxrA
DA:100,0,WKZEWwcozcc4dFa4uC3hKQ
DA:101,0,wM5qhshTARvJkPYrGxdjyQ
DA:102,0,+JgjeoPbymhqYKpMywrzYg
DA:103,0,7spw08JZWr5EeiZOPmXPeg
DA:104,0,/ouhCZtB8c04oQOIDMvwpg
DA:106,0,fG40dD0ZxFuW8IMVpFs6Bg
DA:107,0,nmXer23A276pXE3AIYxryA
DA:108,0,Xv9QdtJQGP2kyXV2e0Oswg
DA:110,0,Fmki3J+6ZCoDsaa8E8t58g
DA:111,0,p6Lg0odAVa3/8SL8tbl9aw
DA:112,0,DXYye61iFU7Kce3K5EbuaA
DA:114,0,ufEZWVExm4thACSEXZ5TVQ
DA:115,0,VfiGXW3N/TqIvcpy+Fi4rg
DA:116,0,1MqHZuVUi/lChBN3vovWbg
DA:117,0,0iKZ+h0oBB+d8XdIcKPQwQ
DA:120,0,Xk1nVlhiia1DYCf2FKUk0A
DA:121,0,XnL2ryGpl/fMwZTfjDCNIQ
DA:122,0,1MqHZuVUi/lChBN3vovWbg
DA:123,0,0iKZ+h0oBB+d8XdIcKPQwQ
DA:125,0,gFdnwIzxJ64X+nD2UauP7A
DA:126,0,WOwJxA6R7uUewE816b2YBA
DA:127,0,SEmm02WNUNHv1VnLYCmYaA
DA:128,0,a3tyiUmB85B6CawF0A61HQ
DA:130,0,mi9j9bNJU0QSa99d2mHHqg
DA:131,0,Cvz9sliJMk6Qx0/x8Ovn2w
DA:134,0,W+3ri7W5UNuOPZlo2WxOiA
DA:136,0,Wu206KM5eoDeV06xztuOOA
DA:137,0,DTaxKa/0twuF8nxdrpQhiA
DA:139,0,ytKtULoyI4kbuvYzmv0p6g
DA:140,0,SuFP2w9Ur1QcYl9WRxnqdw
DA:142,0,Y5hniI3M0fZiFomkjKNj9A
DA:143,0,RwvTlGOQRSEoq5539pVDlA
DA:144,0,CgsbcVJHR88g95uAbeqVBw
DA:145,0,Na4S0nJFfhmvP2PdTlGEwg
DA:147,0,Z+bDZ1t1ct5ZnegyrXrGZw
DA:148,0,aYbEMH7WKWKtnLY7kRDUIQ
DA:150,0,FfMMA9O975ad2IRrKpGCAg
DA:151,0,lOb/9Hxl4yC/XgsJJEKF7Q
DA:153,0,CKNhK+0s3cooNd27NA8N1A
DA:154,0,JYxq2zetCrJqqRPY2yBnuA
DA:156,0,ZmPe04VkAT6dckdiu3uGHw
DA:159,0,mjNL9KdbxW2A2XL3KhXDkg
DA:160,0,ktF1os/mrkhn1jCC2Sk+QQ
DA:161,0,tY2Rc9CGlWWIREJASropcw
DA:162,0,1xdwUVRcTZM0OmO2sq4P2g
DA:163,0,YPBlCMW4SrF8JWnkbyVX5A
DA:164,0,wFQiltAoTDtQ6JcDIxDgUg
DA:165,0,AKs1AEjqRZsHzgBNnPxbbg
DA:166,0,vPinxd9NmcmuoQbwNzR9JQ
DA:167,0,FqF505ZEdZ8n4H6fB9gIhg
DA:168,0,jusLydNuCnXFlsCAIeqheQ
DA:170,0,qQ5JC+UteJg4CbLGn9Suog
DA:171,0,vcejUG158CMpSH4qZyoHrA
DA:173,0,gtmBLzq3dSfEYSIahj559Q
DA:175,0,lsq12/xDcRd71eWRR+8HHg
DA:177,0,B+ZJQ8zBxPMiDZhsnR0Fag
DA:179,0,D890hRMUB3DcAms8v7aIow
DA:180,0,aiEFuUNXAsoLqjNaHqFLZg
DA:182,0,P+r70UrxsF0BxJZb5t26FQ
DA:183,0,pob3nHyPfogyJiC6jN4Nqg
DA:184,0,7bN0KdWHIkPySU9HjvYaOg
DA:185,0,AIWsho5TcI9+5EtNkX7xdg
DA:187,0,ZeEAnUsqzU2slWwerWLZjA
DA:188,0,GHkozvgSJP9Hcwzg7/YMdg
DA:189,0,xvWIcpcyNr0gyGcTkdMxXw
DA:190,0,ZP6HuQhs5NkpeU6uUo9wtg
DA:191,0,NrDAqEqcJtvmQgQDEuBvhQ
DA:192,0,Ci/Ev/CxmA+zIzkNxhWrfg
DA:194,0,GRhlNiPFI4M51uZ/XEX67w
DA:195,0,qoQfG44iwjauk3jqfRSfow
DA:196,0,CN6pinyt6RiIAax21r70xw
DA:198,0,nhCkqQF1mEwJ+ekfv0Bk1w
DA:199,0,Xsh/cmdI5vsHdv58wS0eIQ
DA:200,0,v2yWbtr1OpEP2rdjqjqZlQ
DA:202,0,c/yL5voQcV3LLdYR2ARrZw
DA:203,0,5POyr+5k8ioMlsBak7YShg
DA:205,0,fUpWYt2avPK802gAPFA+uw
DA:206,0,gFdnwIzxJ64X+nD2UauP7A
DA:207,0,WOwJxA6R7uUewE816b2YBA
DA:208,0,gcGJK7amcyixGDePhSPy5g
DA:209,0,c8Fnri3/cwP2AC2RmNIWPQ
DA:210,0,M5K1+uQeffCXzbankG5Y8g
DA:211,0,pXCrpjAOu+8s9OeubCphhQ
DA:212,0,fOdOUrB4GLVWR9ULhIgEOg
DA:213,0,q/ZwTVWuclwpUGE6Cvcq4w
DA:214,0,46Q//MDezQQTEBvmN/8MaQ
DA:215,0,CI1oJ2aBUuKnUFifNKnOyA
DA:216,0,FX+xYgKif5WuKKpru4YHWw
DA:217,0,m/d3Ug2NzQqdypyXa+5DFQ
DA:219,0,1NWkISGT+UvVW+2vk6pw+g
DA:220,0,3F18kimeYrQhn7OENH/gGg
DA:222,0,uU9ERm6MW9yMK65eH27n7g
DA:224,0,nhCkqQF1mEwJ+ekfv0Bk1w
DA:225,0,46Q//MDezQQTEBvmN/8MaQ
DA:226,0,/koFHxJ6wEOgUvWZ0sp/zw
DA:228,0,GckniFi0pbwPNL4qWDPhNg
DA:229,0,MnzpXe1veqpfA7nIMRo0OA
DA:230,0,qFG7LmiROlwaiNQCGv68Yw
DA:231,0,4u9H5ULtUewlqxYVOgBV4g
DA:232,0,eirROjG/S58jmeRiKD7Htg
DA:233,0,VovZE+rzQY8va8hYCAt2OQ
DA:235,0,5lObzyQwntr1EZztLwU9Kw
DA:236,0,DScRrifYodUUGdOOROSV7A
DA:237,0,GckniFi0pbwPNL4qWDPhNg
DA:239,0,c/yL5voQcV3LLdYR2ARrZw
DA:240,0,qFG7LmiROlwaiNQCGv68Yw
DA:241,0,U/MnA4/y+wBL8OazIZjQIA
DA:242,0,dEi81mJBNi8hjLjmKDtuyQ
DA:243,0,/NMKKfhot7HkbLA2gffHNg
DA:245,0,AXLXi5I+5RgZLkmLFcWNKg
DA:246,0,b9DsjY5T84M/3Q1gHrlT9g
DA:247,0,1YvJvp712n7BhPjQ6tElwg
DA:254,0,yWnYjHsTTkT5TcFR3drglg
DA:255,0,MCafu+rwRhmt9JSB3DTzlQ
DA:256,0,WOwJxA6R7uUewE816b2YBA
DA:257,0,dm5kTxzW4w1a7r8+NZsyGQ
DA:258,0,dEfSYIjbja7yiZzbwyv/TQ
DA:259,0,8Nb6mwIDLEbvaNSFGBQ6Qg
DA:261,0,zG8PfGZXQnLLoOhf5UmuVg
DA:262,0,zMGqyooaX2sluJvzDGqgdA
DA:263,0,lBCUsRe/av9TMuMBJDcS/w
DA:264,0,jyirXuWaF1V27/NxPwNEEw
DA:267,0,6UuFRCweMMtbVt/QTz8dxQ
DA:268,0,2sWPn0bMbz5Rjm9ub07ytw
DA:269,0,txnToDTnfUGNcW1Q0zh3kQ
DA:270,0,kMu9M/dam0kPXSRiLouJUA
DA:271,0,uqq6dFwQkLnZlsAMrvO2QQ
DA:273,0,rJRJgoKJxQ1d2oB7f3ywGw
DA:274,0,8nlI5wlYhaLSNC14LlqHLg
DA:275,0,JOCnDH3lSaWOaK9F5eDtvg
DA:277,0,L1OtEEMdMqmtxpqci2ugYw
DA:279,0,bejzxkzCmtsj6ajzykWT1A
DA:280,0,VLonaLjYuZUviUF0UuYXxQ
DA:282,0,/ouhCZtB8c04oQOIDMvwpg
DA:284,0,ro/ZXI3+us4LfsVo8STdWw
DA:285,0,Zx3F+vywYLKof94RxfWxvg
DA:286,0,e0r2Os4Cog355XR8IcaZDQ
DA:287,0,txnToDTnfUGNcW1Q0zh3kQ
DA:288,0,kMu9M/dam0kPXSRiLouJUA
DA:289,0,DoYXQcpov0wG00/2oRsazQ
DA:293,0,nhCkqQF1mEwJ+ekfv0Bk1w
DA:294,0,+GOWLh4OOaVCXa4Gp9c36w
DA:295,0,rV0FsyahXLbUNyhlW/BOIg
DA:297,0,c/yL5voQcV3LLdYR2ARrZw
DA:298,0,teCSPE/odRgbsxG4wxomog
DA:299,0,YUV7z0yuhZs3NfEHyNM1yA
DA:302,0,7d66byTfjvHou8AauBM8HQ
DA:303,0,gFdnwIzxJ64X+nD2UauP7A
DA:304,0,WOwJxA6R7uUewE816b2YBA
DA:305,0,n3bOoCN7q1q8CKjamyOI8A
DA:306,0,w2YRF1UOJ3wG1c9dDvGDPw
DA:307,0,tWwiOESNKTSrVhlkmbFJfA
DA:308,0,uU9ERm6MW9yMK65eH27n7g
DA:310,0,DeG4jJ6eWLGZHOD+CxhR3A
DA:311,0,6LY3Xu5f2D1uKP8a6z11fA
DA:312,0,fAifWrGDjaTEbo7I6wKuUw
DA:313,0,tYm+gm+A8M2mIouraDA/jA
DA:315,0,nhCkqQF1mEwJ+ekfv0Bk1w
DA:316,0,ATWEWIA8ND7ftHdv/BkKKA
DA:317,0,W36QgTt7eohranSyXjZqQA
DA:319,0,c/yL5voQcV3LLdYR2ARrZw
DA:320,0,ATWEWIA8ND7ftHdv/BkKKA
DA:321,0,dojh29tCOke2MPuCziHSsw
DA:323,0,IKAmUSXhXn9XWadgOSwcOg
LF:233
LH:0
end_of_record
TN:
SF:createthesun\src\tabs\unlockTab.py
DA:2,0,OaTlemF3bXMi5MP7Db8vkQ
DA:3,0,50k0FpQFtVUqNFoMXZz8cA
DA:4,0,mUDsnWRiqW9R9nTILGKIZg
DA:5,0,/6BCF/ROSidz51ZAydY62A
DA:11,0,5y/tNRfCysOVlFHwRsS+wg
DA:12,0,ZBu/yp9gTqjxLYBvnNOB7Q
DA:13,0,2taDMM7bAKUXA+D0Ae7BhQ
DA:16,0,Nks9ouSGYRcsqU+wnfT4lw
DA:17,0,O6w8dbfllVhpnFchOrbEOg
DA:18,0,ji4fNEn7LCi6Gd63LxmBjQ
DA:19,0,6kJ+r4uL3147hyDQdGVlKA
DA:24,0,9eWWMIeoefMHzbyOlZCuTg
DA:25,0,zZDHjIG3zS9ERsUIx7yZjw
DA:26,0,WOwJxA6R7uUewE816b2YBA
DA:27,0,rCQiWGBA5ipSTphcRDsPIg
DA:28,0,MVFeY8h04//2zhexRARx5w
DA:29,0,Yh9ikhMKv79LajB1PQINtA
DA:30,0,rkYWOK+xCePHIfTO2ONJ/Q
DA:31,0,NFfLthRjiFh5F0DOPuPRfw
DA:32,0,Cqet3AUZ5shuK8qW+rxUvg
DA:34,0,BK+foMhfUltpwhLaXPLX4g
DA:35,0,X2X2H8SfuUaiOwBGFRD2Rg
DA:36,0,PWpBLw3YWj6/ffsv481nUA
DA:37,0,0q4IK/4lyy6b0YRzITPLMQ
DA:39,0,Fxo3wnvHq0x1PtbFte2WFg
DA:40,0,LgljLeGK3DB7Et18vCPAUA
DA:42,0,u/qmd3NpX9TktqkAl3LC6Q
DA:46,0,WkaU3MjVj1EUeSLqkJYcJQ
DA:47,0,WHAlmhOszpB7sAbO+Ikjrw
DA:48,0,l2tY8HfiA8GMFnyXNuMZaA
DA:49,0,rH0/eIE5PK+qOxSQUN1ZAw
DA:51,0,c7XJzjMtjX2mdHQxFzfYpA
DA:52,0,K3bzC78W81zpFcCaQZOGgQ
DA:54,0,IdrVW/8jpXeVDr1xbU/3wg
DA:55,0,vfYwDGAMElu9OOzN4QkjRA
DA:56,0,/IILFsfMu1eep+YzJKOkug
DA:57,0,2gdV62WxBipf5pGs9t8TCg
DA:59,0,tEfcRvw2cjfqo0T1GU+H0g
DA:61,0,GTPG4D27FWo5NE8DMsB1vw
DA:63,0,5l7rReY/7XYU/hhh00gciw
DA:64,0,Y2ujUjc8SWuFGYE0ii/rQA
DA:65,0,z3xVtC0rN8Bjw5lxppuRrQ
DA:67,0,xfS9L22zStEyLY6gTDY17Q
DA:69,0,amioW5SEUqQL68mQuqrLcQ
DA:70,0,LcZKln4h772nt3A65UIg1g
DA:71,0,mXpkHlA9mh/Hs7qQe0afSg
DA:72,0,TVUtN8WLOwo8lvNvVGJFtw
DA:73,0,DqOxiYQVgDs3YJNHNxwzBA
DA:75,0,ZEsQrNSt1dQQjeeZZ5B2YA
DA:77,0,YcQ4dOM4FJyWBtEKsM5o3Q
DA:79,0,5l7rReY/7XYU/hhh00gciw
DA:80,0,Y2ujUjc8SWuFGYE0ii/rQA
DA:81,0,2FjLofJhOYlzh63d77jluw
DA:82,0,xfS9L22zStEyLY6gTDY17Q
DA:84,0,JT8kuxCbEm/a62hkguIh0w
DA:85,0,XkgDAXTLa4xQD830fCY+nw
DA:86,0,yIUPIkA9YudnUtYoPK0fHg
DA:88,0,y6pRmnoC8Qm21eo37Pjt7Q
DA:90,0,RlQoC5lSyP8fdH6ok9HJYw
DA:91,0,PlfZ/kkQ30iKvDVekl0ILg
DA:92,0,7x0niSh9L32bLF4dp7n34Q
DA:93,0,1F/pjQDdWpXdIe+PrEWZ9g
DA:96,0,GD+xFg/YL7/B+Yl+qKuXTA
DA:97,0,5PZVk/qOp9WBTqSAHZ3Opg
DA:98,0,RIUjKvj9gA5uNip9Ex4+vQ
DA:99,0,jSIjyPivwKedFCXy4FJpSA
DA:101,0,yL5PNBtQ8Rr/GepG9LcJmg
DA:102,0,5PZVk/qOp9WBTqSAHZ3Opg
DA:103,0,aw8KMmJoP4BH6q2a4cr+XQ
DA:104,0,iOVSlPkALLzv6+rVhbv9uQ
DA:106,0,ifQQ0A3fz3PQ8cLaRLEORg
DA:108,0,I/200gqMIAAOFju11FOACw
DA:109,0,kX8/VR6e191CrbsMPnCZ0g
DA:110,0,jzUQ3vYFx4LCOJLCcBkycg
DA:111,0,r2Mtkk5JyOB36ZogjxInlA
DA:112,0,XrLcJDV0lcMFGal4XbkzYA
DA:113,0,ugO2NUlpMBsQiUvOG9jBbw
DA:114,0,j7IfCBzMCwB+3nYA+TfqWQ
DA:115,0,bLGoXv6GmtdhxSZa+JnxtQ
DA:117,0,XkgDAXTLa4xQD830fCY+nw
DA:118,0,g/ZCZ/EDrrXygvbm3Wk+4Q
DA:119,0,ILZAqkK5SyIw4mhUfXmgvg
DA:120,0,glrbxwi4c3X938Qv1j5MDw
DA:123,0,AUrIQU1o0NR7/Hh7rWzq4g
DA:124,0,JIyM+Z/y0XPlsk4Yk+i+mw
DA:125,0,lO5Qb3s+kcE8CgAeznYQaw
DA:127,0,1BYnY14fvmmehMXqFV9Aag
DA:128,0,591aYyukDbRFJJC1DblofQ
DA:129,0,g6o4Ipz6ofsm4uUh5KDWsQ
DA:132,0,gR/b9rJ8o8gOjLG8EmPb1g
DA:140,0,1U3gvtw4RbuhwdQwvYhqOw
DA:142,0,Mx8ygfzVpyTnpIfyI4aX/A
DA:146,0,t+GoLIItbluuKI4D19iObw
DA:151,0,AmpgfK3CfmIzuLOhJ6lpoA
DA:152,0,QsVbXZ71XXRnQfA2o/355w
DA:153,0,DV86PcZReIJ/TL26OsD1kA
DA:154,0,S7eqO9Cw8PxOR8WfLGrpeA
DA:156,0,iIL2b1RClxbPc0RO3XcAXQ
DA:157,0,M4gvXcLbOWEF9K5MbmRJow
DA:159,0,AVPR+g+AEAG+3p18pLMz/w
DA:160,0,oviK8ln/Hj0LQAKCcCU5SA
DA:162,0,xojPP4mEdZgis2TEuXmujw
DA:163,0,5j26VqivqJaOOFydycqhAw
DA:164,0,Ty+gB3PGaQmzHRWRT54N5w
DA:166,0,fnkH4sRpQybRCGwE0OvP0w
DA:167,0,om+/9mUmL1R/ab+QEqAXrA
DA:168,0,4O7bcf8rz9FAyV6YbUKBZg
DA:170,0,FmdCAkPpgkx8KpoymiVZ0Q
DA:171,0,4O7bcf8rz9FAyV6YbUKBZg
DA:172,0,3cJtPooRBKt5Zndq0WdOAg
DA:174,0,hhX1f3y0GCzhgjBXvB2wlA
DA:179,0,7d66byTfjvHou8AauBM8HQ
DA:180,0,gFdnwIzxJ64X+nD2UauP7A
DA:181,0,WOwJxA6R7uUewE816b2YBA
DA:182,0,n3bOoCN7q1q8CKjamyOI8A
DA:183,0,w2YRF1UOJ3wG1c9dDvGDPw
DA:185,0,8wBN1elvPPrOPH3BLk0AEQ
DA:186,0,3VJmd29RWtBEeE5GROaouA
DA:188,0,VEo2aOOKVhxwb1yaDogcXw
DA:190,0,DD0kKEPLK+K3bRGXXlxucg
DA:191,0,w1ISwT4KQyQURdDADShyGA
DA:192,0,ayVXFR7YNQtTTi/nhXHSzQ
DA:193,0,/gbX++xkQua6iSsmCDDLqg
DA:194,0,OaLz/0S6DW6eoAkGFF8DUw
DA:195,0,KivzrWiGdKH7zXzhm/47IA
DA:197,0,uU9ERm6MW9yMK65eH27n7g
DA:200,0,nhCkqQF1mEwJ+ekfv0Bk1w
DA:201,0,lDZg5jSPSPJm9uXEarwUdQ
DA:202,0,llPxIq5N2ORCvhy820pyKg
DA:204,0,6/rq68fh6Trg2dhLJidEjg
DA:205,0,w1ISwT4KQyQURdDADShyGA
DA:206,0,LxrvZ4UikvmhLGX/VfZECg
DA:207,0,QdYpwxb43Zkd8K6nL+htDw
DA:209,0,V8DqIwOt6yNxg1nS4f6HBg
DA:210,0,sPl1frao/M4zJ9lV/kyAMQ
DA:215,0,96n2edVmMSkandIniwZMPQ
DA:216,0,vyVswgM1Oz0OTiCZLkb1Fg
DA:217,0,Tx/PLGXI0ROltCV7awl7ug
DA:218,0,ILtoYg4CvuwP33dIbk9Fwg
DA:219,0,7bN0KdWHIkPySU9HjvYaOg
DA:220,0,AIWsho5TcI9+5EtNkX7xdg
DA:221,0,Fx7PocyF1NZn4sq3Ek0IMw
DA:222,0,wE4gDqQirWx2PBp3baKjIA
DA:226,0,w1ISwT4KQyQURdDADShyGA
DA:227,0,ayVXFR7YNQtTTi/nhXHSzQ
DA:228,0,/gbX++xkQua6iSsmCDDLqg
DA:229,0,OaLz/0S6DW6eoAkGFF8DUw
DA:230,0,KivzrWiGdKH7zXzhm/47IA
LF:148
LH:0
end_of_record
TN:
SF:createthesun\src\tabs_.py
DA:6,0,QKTloJIrneDxzfjuLA28OQ
DA:9,0,mUDsnWRiqW9R9nTILGKIZg
DA:10,0,izM3bG4IemudQAL3DLuLkA
DA:11,0,W7A1xOeUjgr/IZ3iC18IDA
DA:12,0,UqiWPJg2+YwzPDiLIgKUQw
DA:13,0,NEDt8TNhN9l4fTE7Bgps1Q
DA:14,0,8l5Gd+w/zPdHttAo7emIlQ
DA:15,0,yxKelDGxmJlxT0eytXi9Ew
DA:16,0,NlB8GFCCyHbcoUxPDU2AJg
DA:18,0,V3G4qYG3EbQzBN3jPjhJcA
DA:20,0,WyQ33PHIe3HH6r6iA52Yjg
DA:21,0,E8g4vD8KY8gYe65Rj6t6Cg
DA:25,0,woYZfLQbniRuyrbw3dQ17A
DA:27,0,nhCkqQF1mEwJ+ekfv0Bk1w
DA:28,0,UCmpD4AimhIdRFnceWDqiw
DA:29,0,c/yL5voQcV3LLdYR2ARrZw
DA:30,0,wWvyVCzDRWfTVXhFZNNl1w
DA:31,0,gFdnwIzxJ64X+nD2UauP7A
DA:32,0,WOwJxA6R7uUewE816b2YBA
DA:33,0,n3bOoCN7q1q8CKjamyOI8A
DA:34,0,GSy8sMrijQ0h3AyfJ9j4oA
DA:35,0,/PAhupvuPALKDv32HO7WmQ
DA:36,0,uU9ERm6MW9yMK65eH27n7g
DA:38,0,+2HE0qxy+qpoKBvMZNZHJg
DA:39,0,QnVUEDvXd0DsohQIyDpCZg
DA:41,0,wgogR1RTQjq3199ODcknOA
DA:42,0,9Gq1mD4WDwi1S9MGBCePPQ
DA:44,0,sETqjyTiDWZNrsNHxIoulg
DA:45,0,gFdnwIzxJ64X+nD2UauP7A
DA:46,0,WOwJxA6R7uUewE816b2YBA
DA:47,0,n3bOoCN7q1q8CKjamyOI8A
DA:48,0,aDAFZdwZwlGhl2OKNUI3CQ
DA:49,0,uU9ERm6MW9yMK65eH27n7g
DA:51,0,nhCkqQF1mEwJ+ekfv0Bk1w
DA:52,0,6rgBhtkd42TFIDwa61jENA
DA:54,0,+2HE0qxy+qpoKBvMZNZHJg
DA:55,0,Zqv5LfBoGc2xHoGw78er2Q
DA:58,0,wgogR1RTQjq3199ODcknOA
DA:59,0,8UOgRSLwQY6zPqyEk5JVkg
DA:61,0,xyLGLuvh7wiTQAVKSejeoA
DA:62,0,gFdnwIzxJ64X+nD2UauP7A
DA:63,0,WOwJxA6R7uUewE816b2YBA
DA:64,0,n3bOoCN7q1q8CKjamyOI8A
DA:65,0,nhCTj2oJXrmp/q/SQS3Kog
DA:66,0,/PAhupvuPALKDv32HO7WmQ
DA:67,0,uU9ERm6MW9yMK65eH27n7g
DA:69,0,nhCkqQF1mEwJ+ekfv0Bk1w
DA:70,0,UCmpD4AimhIdRFnceWDqiw
DA:72,0,c/yL5voQcV3LLdYR2ARrZw
DA:73,0,/wnQzJfFV+RFEZLqkkZh0Q
DA:75,0,jo6UK8sA0cHfDbTZpCw51g
DA:76,0,7Z/X+i1Evx+bp/cUMPoGRw
DA:78,0,+2HE0qxy+qpoKBvMZNZHJg
DA:79,0,oIhN9lTNC+KRonWAIM2T/w
DA:81,0,wgogR1RTQjq3199ODcknOA
DA:82,0,uf7V4CsDUyBtftT511HBPA
DA:85,0,gMepLy6dS6ZRSKUwyXk9kA
DA:86,0,gFdnwIzxJ64X+nD2UauP7A
DA:87,0,WOwJxA6R7uUewE816b2YBA
DA:88,0,n3bOoCN7q1q8CKjamyOI8A
DA:89,0,pvQEko/zynD1agsaVejahg
DA:90,0,/PAhupvuPALKDv32HO7WmQ
DA:91,0,uU9ERm6MW9yMK65eH27n7g
DA:93,0,nhCkqQF1mEwJ+ekfv0Bk1w
DA:94,0,UCmpD4AimhIdRFnceWDqiw
DA:95,0,c/yL5voQcV3LLdYR2ARrZw
DA:96,0,/wnQzJfFV+RFEZLqkkZh0Q
DA:98,0,+2HE0qxy+qpoKBvMZNZHJg
DA:99,0,F3IFLSRqHLdvkVIHjRZ3CQ
DA:102,0,wgogR1RTQjq3199ODcknOA
DA:103,0,4DU9jdasQqtNmgMORKSmDw
DA:106,0,LWD0WA9qrkJC1ZzJDk3MMQ
DA:107,0,gFdnwIzxJ64X+nD2UauP7A
DA:108,0,WOwJxA6R7uUewE816b2YBA
DA:109,0,n3bOoCN7q1q8CKjamyOI8A
DA:110,0,lnedkrg3wNT1xwotQGDRPA
DA:111,0,jaVb7XwhnDjYzR62PnNh0A
DA:112,0,uU9ERm6MW9yMK65eH27n7g
DA:114,0,nhCkqQF1mEwJ+ekfv0Bk1w
DA:115,0,khU4QSWO3EF9gayH4AUoRQ
DA:117,0,c/yL5voQcV3LLdYR2ARrZw
DA:118,0,7VYhm8TrkrdgJqEEfhlVJA
DA:120,0,+2HE0qxy+qpoKBvMZNZHJg
DA:121,0,CdgXDOFD0PJStcyOc/R3bw
DA:123,0,wgogR1RTQjq3199ODcknOA
DA:124,0,t1WOnSGC6keG89D9PY34Hw
DA:126,0,73I1gLMTIGW0vA3BjIvebQ
DA:127,0,gFdnwIzxJ64X+nD2UauP7A
DA:128,0,WOwJxA6R7uUewE816b2YBA
DA:129,0,n3bOoCN7q1q8CKjamyOI8A
DA:130,0,RhqtSlXOC4o/qorAddOZZQ
DA:131,0,uU9ERm6MW9yMK65eH27n7g
DA:133,0,nhCkqQF1mEwJ+ekfv0Bk1w
DA:134,0,6rgBhtkd42TFIDwa61jENA
DA:136,0,c/yL5voQcV3LLdYR2ARrZw
DA:137,0,6rgBhtkd42TFIDwa61jENA
DA:139,0,+2HE0qxy+qpoKBvMZNZHJg
DA:140,0,EdOmAa18H6OyeTkht57bdg
DA:143,0,wgogR1RTQjq3199ODcknOA
DA:144,0,dK8IUEbzObGymaXZdGw+RQ
DA:147,0,M54FxcQc7jroGhAyS+Jhlw
DA:148,0,gFdnwIzxJ64X+nD2UauP7A
DA:149,0,WOwJxA6R7uUewE816b2YBA
DA:150,0,n3bOoCN7q1q8CKjamyOI8A
DA:151,0,AEBbUt+PhJH7B89DrThO1A
DA:152,0,FeFuQ0fDGHQXFmcqlVlYQA
DA:153,0,/PAhupvuPALKDv32HO7WmQ
DA:154,0,uU9ERm6MW9yMK65eH27n7g
DA:156,0,nhCkqQF1mEwJ+ekfv0Bk1w
DA:157,0,UCmpD4AimhIdRFnceWDqiw
DA:159,0,c/yL5voQcV3LLdYR2ARrZw
DA:160,0,6rgBhtkd42TFIDwa61jENA
DA:162,0,+2HE0qxy+qpoKBvMZNZHJg
DA:163,0,CI1fbq3w7Kf8ih37IA0dow
DA:166,0,wgogR1RTQjq3199ODcknOA
DA:167,0,axD53o7asczRSBSDOYeteg
DA:169,0,oHdkzt2/q0ybxbF4QgAm2Q
DA:170,0,gFdnwIzxJ64X+nD2UauP7A
DA:171,0,WOwJxA6R7uUewE816b2YBA
DA:172,0,n3bOoCN7q1q8CKjamyOI8A
DA:173,0,O0ZRBVyP86aUUdjkquKkMg
DA:174,0,XbAPFKF5eRFqdHOKASy2Aw
DA:175,0,uU9ERm6MW9yMK65eH27n7g
DA:177,0,nhCkqQF1mEwJ+ekfv0Bk1w
DA:179,0,O281GGe8a0wLMwsAtmzjAg
DA:180,0,DBuJcFyFKh1xyKw4AztF6w
DA:181,0,wqRmG6Tciajn3FlXYnsBrg
DA:182,0,WrZNfyAih1E57MmxPMvBiw
DA:183,0,XqmqahQFCuLQAzQZw1CFjg
DA:184,0,N+S0XSiKo15MnSzkxzrs/g
DA:185,0,DCB4Mhzc8QR5vibJ2poG9A
DA:187,0,axg8GbYFvWFrYsbOmaqjtg
DA:189,0,c/yL5voQcV3LLdYR2ARrZw
DA:190,0,6rgBhtkd42TFIDwa61jENA
DA:192,0,+2HE0qxy+qpoKBvMZNZHJg
DA:193,0,z+z0P+q7doYDXxYcIDmgWg
DA:196,0,wgogR1RTQjq3199ODcknOA
DA:197,0,fldbDr+oKrThwpI9HRVUtw
DA:199,0,iv9SseXUzAsjsqQkPktsXQ
DA:200,0,XIMXg1wkIgYgML8UoMqigg
DA:201,0,mGe0QIu+K4Cf+0NNsmr7bQ
LF:141
LH:0
end_of_record
TN:
SF:createthesun\src\test.py
DA:1,0,Sw6kgMhv7Tehp3mWh2kRCw
DA:2,0,AwpGUILSjGu34WAr6c5fRA
DA:3,0,CzkRu6HMc+tByN18vGgyag
DA:5,0,ct1MjqG5yke/tc97NavGAw
DA:6,0,F8L9s1FV3wcO5vdy9/17GA
DA:7,0,xVfH6oPOL0lOP3Sba+QGsA
DA:8,0,VR4noM5evfSi1IBiUl9E0Q
DA:10,0,2O6eEz7PInsUtY5eaZe5qA
DA:11,0,UUBgDGKJY+U5EV1ZcD9TKQ
DA:12,0,w2g4gHL+IHJH+iwayT8eGw
DA:13,0,86BUDUi342lGZ2vSPmS20A
DA:14,0,EZtRTDdJrrcdY2Ej3SXU/w
DA:15,0,mLD8/FlG506iftd7sKBJdA
DA:16,0,mFsTOKOrXO9rubZavxQsgg
DA:17,0,3O8Vgue59tRcTHgM/D3Xjw
DA:18,0,g691WsUjVwBUOklM40x6DQ
DA:19,0,nRCR9AkrEoSdwzqXLZhWKQ
DA:21,0,tPhCP9hp764Je5rBZBT12Q
DA:22,0,q855X014vdKQNQKgUjQyiQ
DA:24,0,isvdGE68eGXQTqZvpDZtbw
DA:25,0,hZP0018n7H/UdFcmUvOevA
DA:27,0,8hJzUB9RVgJXuYvpK4FPXA
DA:28,0,uppGm963aD96p8b1FtUOWw
DA:29,0,YqkO4A0Vt4Od0TxAwgUkrw
DA:31,0,Y0k1O9Y28XVdbpMzkgjl6g
LF:25
LH:0
end_of_record
TN:
SF:createthesun\src\unlocks.py
DA:1,0,PqR4scd42O608hlPgvGRXA
DA:2,0,OG9Ye2qY6D99keg9DPIKFg
DA:3,0,Nks9ouSGYRcsqU+wnfT4lw
DA:4,0,lJE8NR79qCSxRI0pe2FtCA
DA:6,0,4KXOIu0EzlFAqlH6QJ+whA
DA:8,0,OiquFfXCSf7q0lkiS5whBA
DA:9,0,dLhrw2K23MabdV+OJupTYg
DA:11,0,6RZ6PeHdmsmvIcnvJQy+IQ
DA:12,0,n2mox5a/pn+ZzqnhYFrYWA
DA:13,0,3A2lHTWR0Gxx5Wa0kJcr5Q
DA:14,0,dfupjLJ60q1PfNm2HZDI6Q
DA:15,0,qNd81zkYgYA++VP0+o2H7w
DA:16,0,vyMAUsyt75SALDcYSwwafQ
DA:17,0,Oyvz4JyPe1v/c4RtTRHn7A
DA:18,0,ma7WIt1qhlBGNHzAskv+nQ
DA:19,0,/VYEdCEGb5+S8PvZpVSQdA
DA:21,0,Mstz7BTOKwXy0zawcD6O+g
DA:22,0,MDKj3jAb9/ZR5qIdLFT3rQ
DA:23,0,/VYEdCEGb5+S8PvZpVSQdA
DA:25,0,a9LWmvaNQhmGimVYsDJbcw
DA:26,0,OtIpc+TNRK4lffDWOtabgg
DA:28,0,y4GhplT6qMs12/OkDe02/g
DA:29,0,bBOwLG8EGWP7LzF+25Pz1g
DA:30,0,b/+kmLuShZLLO+vNDPe0Rg
DA:31,0,pgsc9iHvBeMHvfmmemGtFA
DA:32,0,MnzpXe1veqpfA7nIMRo0OA
DA:34,0,OxyPEfO+aKy3ylBWmq28pA
DA:35,0,cBhC3K0XpRyM+mUoqhxG6Q
DA:37,0,aW9MdGWx8zRrL/X1zhxaSw
DA:38,0,fIyrpk7OrieWBcdRkKeSuQ
DA:39,0,Tl/GVuCCgrGByktabxKXEw
DA:41,0,4veRBp0C3b669XuDpu1Cog
DA:42,0,S33zNZoVuG16ZkUvBNR8TA
DA:43,0,yODwdEgE1l7O9pGRRVAhcQ
DA:44,0,XaLqyMUppWyEehHLsKcCew
DA:46,0,rLCIsSSya9+4dzINxyjjdg
DA:48,0,icj5yJ9vEvA3/DO6PTxLLg
DA:49,0,KaUtAFoYeTNjM1PoQ6dIUQ
DA:50,0,SqTkDkOMFMzTCwMI39ukEA
DA:52,0,7eZgHie4wWETLU3uM6Rg3w
DA:53,0,v65pmdP+/E1pvWgPD3CFug
DA:54,0,velLZy4Tm+UQwnBSVl35Ag
DA:55,0,Oyvz4JyPe1v/c4RtTRHn7A
DA:56,0,ma7WIt1qhlBGNHzAskv+nQ
DA:57,0,/VYEdCEGb5+S8PvZpVSQdA
DA:59,0,Mstz7BTOKwXy0zawcD6O+g
DA:60,0,MDKj3jAb9/ZR5qIdLFT3rQ
DA:61,0,/VYEdCEGb5+S8PvZpVSQdA
DA:63,0,GjO1p2kf6yeWj4Ly7mcwHg
DA:64,0,HaHSJeHZb9dq7+KCIfYRQQ
DA:65,0,/VYEdCEGb5+S8PvZpVSQdA
DA:67,0,4g926ixF4lEvn8muNNC2mA
DA:68,0,MOSxa3+C4WguUhhCI2Rs9w
DA:69,0,qPjrxFcv0bPLa4Uw1GW7/Q
DA:70,0,Jgl6L9wlEivR9hwyplpX/w
DA:71,0,2KHVVvnabugOOU9vLcX5VA
DA:73,0,mbI6sSHN7dx1tqmKVQ/F7A
DA:74,0,W6YppNscP4RGlLkvpPN1ng
DA:75,0,B31J/WGyIwvvXx5Yrin2/A
DA:77,0,9Hwr4v0AWtGOlGgNHXRMbA
DA:78,0,JO7VSyCX5LQABtCCQigIxw
DA:79,0,MBZdI4r2w4rwBeMdtDHL7g
DA:80,0,XXAFzwoUf150hNCacmYC4A
DA:81,0,aF65L7bUNdCL88d6Zbmq9A
DA:82,0,CdmRyA8436y1Qc0QAidlLw
DA:84,0,C1ms83uhjYEMqeVctQG1GQ
DA:85,0,f/0LUzIJ8lYPGmrA5iF/Rw
DA:86,0,lvr7HMq376H0LY9NdmnGeA
LF:68
LH:0
end_of_record
TN:
SF:createthesun\src\urbanistFont.py
DA:1,0,ZWxMIbNjFQf59X6PcLUdow
DA:2,0,nIX2wdRzjd79aRVFiHXBgQ
DA:3,0,mUDsnWRiqW9R9nTILGKIZg
DA:4,0,7Z9Lj4ed27Wf2hBX6jooEA
DA:6,0,kG4rlKVGCFkmnqD7IjvjZg
DA:7,0,N3tsz+I7+cKv9khhTpiFHQ
DA:8,0,MbY1DsK3RahL7gtaFOlfHw
DA:10,0,C9jZiI2Kr1ZHVfPTVrJ4gw
DA:12,0,2Mnnw1aRCiyzFVtsMwz5Dw
DA:13,0,9c1zR1sbDFXnypMAQJ04SQ
DA:15,0,XRbAovBqxpvAikbQTXx4PQ
DA:16,0,8akyBeSVP4hA0C/2yryMtQ
DA:18,0,WLJrjfkGAoeO9En+GrOPAA
DA:19,0,/N1J0LmD2JlUrFuovyfuBw
LF:14
LH:0
end_of_record
